TN:
SF:babel.config.js
FNF:0
FNH:0
DA:1,0
LF:1
LH:0
BRF:0
BRH:0
end_of_record
TN:
SF:vue.config.js
FNF:0
FNH:0
DA:1,0
LF:1
LH:0
BRDA:2,0,0,0
BRDA:2,0,1,0
BRF:2
BRH:0
end_of_record
TN:
SF:coverage/lcov-report/block-navigation.js
FN:2,init
FN:24,toggleClass
FN:31,makeCurrent
FN:41,goToPrevious
FN:52,goToNext
FN:65,jump
FNF:6
FNH:0
FNDA:0,init
FNDA:0,toggleClass
FNDA:0,makeCurrent
FNDA:0,goToPrevious
FNDA:0,goToNext
FNDA:0,jump
DA:2,0
DA:4,0
DA:7,0
DA:10,0
DA:14,0
DA:20,0
DA:25,0
DA:28,0
DA:32,0
DA:33,0
DA:34,0
DA:42,0
DA:43,0
DA:44,0
DA:45,0
DA:46,0
DA:49,0
DA:53,0
DA:55,0
DA:59,0
DA:62,0
DA:65,0
DA:66,0
DA:69,0
DA:70,0
DA:74,0
DA:75,0
DA:79,0
LF:28
LH:0
BRDA:43,0,0,0
BRDA:43,0,1,0
BRDA:43,1,0,0
BRDA:43,1,1,0
BRDA:45,2,0,0
BRDA:45,2,1,0
BRDA:55,3,0,0
BRDA:55,3,1,0
BRDA:56,4,0,0
BRDA:56,4,1,0
BRDA:66,5,0,0
BRDA:66,5,1,0
BRDA:66,5,2,0
BRDA:66,5,3,0
BRDA:66,5,4,0
BRF:15
BRH:0
end_of_record
TN:
SF:coverage/lcov-report/prettify.js
FN:2,(anonymous_0)
FN:2,k
FN:2,ab
FN:2,T
FN:2,X
FN:2,(anonymous_5)
FN:2,W
FN:2,(anonymous_7)
FN:2,a
FN:2,aa
FN:2,B
FN:2,o
FN:2,g
FN:2,(anonymous_13)
FN:2,(anonymous_14)
FN:2,i
FN:2,Q
FN:2,ae
FN:2,ad
FN:2,ai
FN:2,D
FN:2,c
FN:2,q
FN:2,d
FN:2,y
FN:2,b
FN:2,Y
FN:2,(anonymous_27)
FN:2,U
FNF:29
FNH:0
FNDA:0,(anonymous_0)
FNDA:0,k
FNDA:0,ab
FNDA:0,T
FNDA:0,X
FNDA:0,(anonymous_5)
FNDA:0,W
FNDA:0,(anonymous_7)
FNDA:0,a
FNDA:0,aa
FNDA:0,B
FNDA:0,o
FNDA:0,g
FNDA:0,(anonymous_13)
FNDA:0,(anonymous_14)
FNDA:0,i
FNDA:0,Q
FNDA:0,ae
FNDA:0,ad
FNDA:0,ai
FNDA:0,D
FNDA:0,c
FNDA:0,q
FNDA:0,d
FNDA:0,y
FNDA:0,b
FNDA:0,Y
FNDA:0,(anonymous_27)
FNDA:0,U
DA:2,0
LF:1
LH:0
BRDA:2,0,0,0
BRDA:2,0,1,0
BRDA:2,1,0,0
BRDA:2,1,1,0
BRDA:2,2,0,0
BRDA:2,2,1,0
BRDA:2,3,0,0
BRDA:2,3,1,0
BRDA:2,4,0,0
BRDA:2,4,1,0
BRDA:2,5,0,0
BRDA:2,5,1,0
BRDA:2,6,0,0
BRDA:2,6,1,0
BRDA:2,7,0,0
BRDA:2,7,1,0
BRDA:2,8,0,0
BRDA:2,8,1,0
BRDA:2,9,0,0
BRDA:2,9,1,0
BRDA:2,10,0,0
BRDA:2,10,1,0
BRDA:2,11,0,0
BRDA:2,11,1,0
BRDA:2,11,2,0
BRDA:2,11,3,0
BRDA:2,12,0,0
BRDA:2,12,1,0
BRDA:2,13,0,0
BRDA:2,13,1,0
BRDA:2,14,0,0
BRDA:2,14,1,0
BRDA:2,15,0,0
BRDA:2,15,1,0
BRDA:2,16,0,0
BRDA:2,16,1,0
BRDA:2,17,0,0
BRDA:2,17,1,0
BRDA:2,18,0,0
BRDA:2,18,1,0
BRDA:2,19,0,0
BRDA:2,19,1,0
BRDA:2,20,0,0
BRDA:2,20,1,0
BRDA:2,21,0,0
BRDA:2,21,1,0
BRDA:2,22,0,0
BRDA:2,22,1,0
BRDA:2,23,0,0
BRDA:2,23,1,0
BRDA:2,24,0,0
BRDA:2,24,1,0
BRDA:2,25,0,0
BRDA:2,25,1,0
BRDA:2,26,0,0
BRDA:2,26,1,0
BRDA:2,27,0,0
BRDA:2,27,1,0
BRDA:2,28,0,0
BRDA:2,28,1,0
BRDA:2,29,0,0
BRDA:2,29,1,0
BRDA:2,30,0,0
BRDA:2,30,1,0
BRDA:2,31,0,0
BRDA:2,31,1,0
BRDA:2,32,0,0
BRDA:2,32,1,0
BRDA:2,33,0,0
BRDA:2,33,1,0
BRDA:2,34,0,0
BRDA:2,34,1,0
BRDA:2,35,0,0
BRDA:2,35,1,0
BRDA:2,36,0,0
BRDA:2,36,1,0
BRDA:2,37,0,0
BRDA:2,37,1,0
BRDA:2,38,0,0
BRDA:2,38,1,0
BRDA:2,39,0,0
BRDA:2,39,1,0
BRDA:2,40,0,0
BRDA:2,40,1,0
BRDA:2,41,0,0
BRDA:2,41,1,0
BRDA:2,42,0,0
BRDA:2,42,1,0
BRDA:2,43,0,0
BRDA:2,43,1,0
BRDA:2,44,0,0
BRDA:2,44,1,0
BRDA:2,45,0,0
BRDA:2,45,1,0
BRDA:2,46,0,0
BRDA:2,46,1,0
BRDA:2,47,0,0
BRDA:2,47,1,0
BRDA:2,48,0,0
BRDA:2,48,1,0
BRDA:2,49,0,0
BRDA:2,49,1,0
BRDA:2,50,0,0
BRDA:2,50,1,0
BRDA:2,50,2,0
BRDA:2,51,0,0
BRDA:2,51,1,0
BRDA:2,52,0,0
BRDA:2,52,1,0
BRDA:2,53,0,0
BRDA:2,53,1,0
BRDA:2,54,0,0
BRDA:2,54,1,0
BRDA:2,55,0,0
BRDA:2,55,1,0
BRDA:2,56,0,0
BRDA:2,56,1,0
BRDA:2,57,0,0
BRDA:2,57,1,0
BRDA:2,58,0,0
BRDA:2,58,1,0
BRDA:2,59,0,0
BRDA:2,59,1,0
BRDA:2,60,0,0
BRDA:2,60,1,0
BRDA:2,61,0,0
BRDA:2,61,1,0
BRDA:2,62,0,0
BRDA:2,62,1,0
BRDA:2,63,0,0
BRDA:2,63,1,0
BRDA:2,64,0,0
BRDA:2,64,1,0
BRDA:2,65,0,0
BRDA:2,65,1,0
BRDA:2,66,0,0
BRDA:2,66,1,0
BRDA:2,67,0,0
BRDA:2,67,1,0
BRDA:2,68,0,0
BRDA:2,68,1,0
BRDA:2,69,0,0
BRDA:2,69,1,0
BRDA:2,70,0,0
BRDA:2,70,1,0
BRDA:2,71,0,0
BRDA:2,71,1,0
BRDA:2,72,0,0
BRDA:2,72,1,0
BRDA:2,73,0,0
BRDA:2,73,1,0
BRDA:2,74,0,0
BRDA:2,74,1,0
BRDA:2,75,0,0
BRDA:2,75,1,0
BRDA:2,76,0,0
BRDA:2,76,1,0
BRDA:2,77,0,0
BRDA:2,77,1,0
BRDA:2,78,0,0
BRDA:2,78,1,0
BRDA:2,79,0,0
BRDA:2,79,1,0
BRDA:2,80,0,0
BRDA:2,80,1,0
BRDA:2,81,0,0
BRDA:2,81,1,0
BRDA:2,82,0,0
BRDA:2,82,1,0
BRDA:2,83,0,0
BRDA:2,83,1,0
BRDA:2,84,0,0
BRDA:2,84,1,0
BRDA:2,85,0,0
BRDA:2,85,1,0
BRDA:2,86,0,0
BRDA:2,86,1,0
BRDA:2,87,0,0
BRDA:2,87,1,0
BRDA:2,88,0,0
BRDA:2,88,1,0
BRDA:2,89,0,0
BRDA:2,89,1,0
BRDA:2,89,2,0
BRDA:2,90,0,0
BRDA:2,90,1,0
BRDA:2,91,0,0
BRDA:2,91,1,0
BRDA:2,92,0,0
BRDA:2,92,1,0
BRDA:2,93,0,0
BRDA:2,93,1,0
BRDA:2,94,0,0
BRDA:2,94,1,0
BRDA:2,95,0,0
BRDA:2,95,1,0
BRDA:2,96,0,0
BRDA:2,96,1,0
BRDA:2,97,0,0
BRDA:2,97,1,0
BRDA:2,98,0,0
BRDA:2,98,1,0
BRDA:2,99,0,0
BRDA:2,99,1,0
BRDA:2,100,0,0
BRDA:2,100,1,0
BRDA:2,101,0,0
BRDA:2,101,1,0
BRDA:2,102,0,0
BRDA:2,102,1,0
BRDA:2,103,0,0
BRDA:2,103,1,0
BRDA:2,104,0,0
BRDA:2,104,1,0
BRDA:2,105,0,0
BRDA:2,105,1,0
BRDA:2,106,0,0
BRDA:2,106,1,0
BRDA:2,107,0,0
BRDA:2,107,1,0
BRDA:2,108,0,0
BRDA:2,108,1,0
BRDA:2,109,0,0
BRDA:2,109,1,0
BRDA:2,110,0,0
BRDA:2,110,1,0
BRDA:2,111,0,0
BRDA:2,111,1,0
BRDA:2,112,0,0
BRDA:2,112,1,0
BRDA:2,113,0,0
BRDA:2,113,1,0
BRDA:2,114,0,0
BRDA:2,114,1,0
BRDA:2,115,0,0
BRDA:2,115,1,0
BRDA:2,116,0,0
BRDA:2,116,1,0
BRDA:2,117,0,0
BRDA:2,117,1,0
BRDA:2,118,0,0
BRDA:2,118,1,0
BRDA:2,119,0,0
BRDA:2,119,1,0
BRDA:2,120,0,0
BRDA:2,120,1,0
BRDA:2,121,0,0
BRDA:2,121,1,0
BRDA:2,122,0,0
BRDA:2,122,1,0
BRDA:2,123,0,0
BRDA:2,123,1,0
BRDA:2,124,0,0
BRDA:2,124,1,0
BRDA:2,125,0,0
BRDA:2,125,1,0
BRDA:2,126,0,0
BRDA:2,126,1,0
BRDA:2,127,0,0
BRDA:2,127,1,0
BRDA:2,128,0,0
BRDA:2,128,1,0
BRDA:2,128,2,0
BRDA:2,129,0,0
BRDA:2,129,1,0
BRDA:2,130,0,0
BRDA:2,130,1,0
BRDA:2,131,0,0
BRDA:2,131,1,0
BRDA:2,131,2,0
BRDA:2,131,3,0
BRDA:2,131,4,0
BRDA:2,132,0,0
BRDA:2,132,1,0
BRDA:2,133,0,0
BRDA:2,133,1,0
BRDA:2,134,0,0
BRDA:2,134,1,0
BRDA:2,135,0,0
BRDA:2,135,1,0
BRDA:2,136,0,0
BRDA:2,136,1,0
BRDA:2,137,0,0
BRDA:2,137,1,0
BRDA:2,138,0,0
BRDA:2,138,1,0
BRF:286
BRH:0
end_of_record
TN:
SF:coverage/lcov-report/sorter.js
FN:2,(anonymous_0)
FN:11,getTable
FN:15,getTableHeader
FN:19,getTableBody
FN:23,getNthColumn
FN:28,loadColumns
FN:53,loadRowData
FN:72,loadData
FN:81,sortByIndex
FN:83,(anonymous_9)
FN:95,(anonymous_10)
FN:112,removeSortIndicators
FN:120,addSortIndicators
FN:126,enableUI
FN:129,ithSorter
FN:132,(anonymous_15)
FN:159,(anonymous_16)
FNF:17
FNH:0
FNDA:0,(anonymous_0)
FNDA:0,getTable
FNDA:0,getTableHeader
FNDA:0,getTableBody
FNDA:0,getNthColumn
FNDA:0,loadColumns
FNDA:0,loadRowData
FNDA:0,loadData
FNDA:0,sortByIndex
FNDA:0,(anonymous_9)
FNDA:0,(anonymous_10)
FNDA:0,removeSortIndicators
FNDA:0,addSortIndicators
FNDA:0,enableUI
FNDA:0,ithSorter
FNDA:0,(anonymous_15)
FNDA:0,(anonymous_16)
DA:2,0
DA:5,0
DA:12,0
DA:16,0
DA:20,0
DA:24,0
DA:29,0
DA:31,0
DA:35,0
DA:36,0
DA:37,0
DA:42,0
DA:43,0
DA:44,0
DA:45,0
DA:49,0
DA:54,0
DA:57,0
DA:60,0
DA:61,0
DA:62,0
DA:63,0
DA:64,0
DA:65,0
DA:67,0
DA:69,0
DA:73,0
DA:76,0
DA:77,0
DA:82,0
DA:83,0
DA:84,0
DA:85,0
DA:86,0
DA:88,0
DA:89,0
DA:90,0
DA:91,0
DA:94,0
DA:95,0
DA:96,0
DA:100,0
DA:101,0
DA:102,0
DA:105,0
DA:107,0
DA:108,0
DA:113,0
DA:114,0
DA:116,0
DA:117,0
DA:121,0
DA:129,0
DA:130,0
DA:132,0
DA:133,0
DA:135,0
DA:136,0
DA:138,0
DA:139,0
DA:140,0
DA:141,0
DA:142,0
DA:145,0
DA:146,0
DA:149,0
DA:150,0
DA:151,0
DA:153,0
DA:159,0
DA:160,0
DA:161,0
DA:163,0
DA:164,0
DA:165,0
DA:166,0
DA:170,0
LF:77
LH:0
BRDA:40,0,0,0
BRDA:40,0,1,0
BRDA:43,1,0,0
BRDA:43,1,1,0
BRDA:64,2,0,0
BRDA:64,2,1,0
BRDA:86,3,0,0
BRDA:86,3,1,0
BRDA:86,4,0,0
BRDA:86,4,1,0
BRDA:94,5,0,0
BRDA:94,5,1,0
BRDA:121,6,0,0
BRDA:121,6,1,0
BRDA:135,7,0,0
BRDA:135,7,1,0
BRDA:146,8,0,0
BRDA:146,8,1,0
BRDA:150,9,0,0
BRDA:150,9,1,0
BRDA:160,10,0,0
BRDA:160,10,1,0
BRF:22
BRH:0
end_of_record
TN:
SF:dist/js/webpack:/(webpack)/buildin/global.js
FN:1,(anonymous_1319)
FN:4,(anonymous_1320)
FNF:2
FNH:0
FNDA:0,(anonymous_1319)
FNDA:0,(anonymous_1320)
DA:4,0
DA:5,0
DA:8,0
DA:10,0
DA:13,0
DA:20,0
LF:6
LH:0
BRDA:10,0,0,0
BRDA:10,0,1,0
BRDA:13,1,0,0
BRDA:13,1,1,0
BRF:4
BRH:0
end_of_record
TN:
SF:dist/js/webpack:/node_modules/@babel/runtime/helpers/esm/asyncToGenerator.js
FN:1,(anonymous_51)
FN:1,r
FN:17,o
FN:18,(anonymous_55)
FN:21,(anonymous_56)
FN:24,c
FN:28,s
FNF:7
FNH:0
FNDA:0,(anonymous_51)
FNDA:0,r
FNDA:0,o
FNDA:0,(anonymous_55)
FNDA:0,(anonymous_56)
FNDA:0,c
FNDA:0,s
DA:1,0
DA:2,0
DA:3,0
DA:4,0
DA:7,0
DA:10,0
DA:18,0
DA:19,0
DA:20,0
DA:21,0
DA:22,0
DA:25,0
DA:29,0
DA:32,0
LF:14
LH:0
BRDA:11,0,0,0
BRDA:11,0,1,0
BRF:2
BRH:0
end_of_record
TN:
SF:dist/js/webpack:/node_modules/@babel/runtime/helpers/esm/defineProperty.js
FN:1,(anonymous_796)
FN:1,r
FNF:2
FNH:0
FNDA:0,(anonymous_796)
FNDA:0,r
DA:1,0
DA:13,0
LF:2
LH:0
BRDA:3,0,0,0
BRDA:3,0,1,0
BRF:2
BRH:0
end_of_record
TN:
SF:dist/js/webpack:/node_modules/@babel/runtime/helpers/esm/objectSpread2.js
FN:3,o
FN:8,(anonymous_799)
FN:17,i
FN:22,(anonymous_801)
FN:28,(anonymous_802)
FNF:5
FNH:0
FNDA:0,o
FNDA:0,(anonymous_799)
FNDA:0,i
FNDA:0,(anonymous_801)
FNDA:0,(anonymous_802)
DA:4,0
DA:6,0
DA:7,0
DA:8,0
DA:9,0
DA:14,0
DA:18,0
DA:19,0
DA:21,0
DA:23,0
DA:29,0
DA:34,0
LF:12
LH:0
BRDA:6,0,0,0
BRDA:6,0,1,0
BRDA:8,1,0,0
BRDA:8,1,1,0
BRDA:19,2,0,0
BRDA:19,2,1,0
BRDA:22,3,0,0
BRDA:22,3,1,0
BRDA:26,4,0,0
BRDA:26,4,1,0
BRF:10
BRH:0
end_of_record
TN:
SF:dist/js/webpack:/node_modules/axios/index.js
FN:1,(anonymous_1278)
FNF:1
FNH:0
FNDA:0,(anonymous_1278)
DA:1,0
LF:1
LH:0
BRF:0
BRH:0
end_of_record
TN:
SF:dist/js/webpack:/node_modules/axios/lib/axios.js
FN:3,(anonymous_1330)
FN:15,s
FN:35,(anonymous_1332)
FN:45,(anonymous_1333)
FNF:4
FNH:0
FNDA:0,(anonymous_1330)
FNDA:0,s
FNDA:0,(anonymous_1332)
FNDA:0,(anonymous_1333)
DA:3,0
DA:4,0
DA:5,0
DA:6,0
DA:7,0
DA:16,0
DA:17,0
DA:25,0
DA:29,0
DA:32,0
DA:36,0
DA:46,0
LF:12
LH:0
BRF:0
BRH:0
end_of_record
TN:
SF:dist/js/webpack:/node_modules/axios/lib/defaults.js
FN:1,(anonymous_75)
FN:10,a
FN:16,c
FN:31,(anonymous_78)
FN:57,(anonymous_79)
FN:79,(anonymous_80)
FN:90,(anonymous_81)
FN:94,(anonymous_82)
FNF:8
FNH:0
FNDA:0,(anonymous_75)
FNDA:0,a
FNDA:0,c
FNDA:0,(anonymous_78)
FNDA:0,(anonymous_79)
FNDA:0,(anonymous_80)
FNDA:0,(anonymous_81)
FNDA:0,(anonymous_82)
DA:3,0
DA:4,0
DA:6,0
DA:10,0
DA:25,0
DA:28,0
DA:34,0
DA:59,0
DA:60,0
DA:61,0
DA:64,0
DA:80,0
DA:90,0
DA:91,0
DA:95,0
LF:15
LH:0
BRDA:10,0,0,0
BRDA:10,0,1,0
BRDA:10,0,2,0
BRDA:18,1,0,0
BRDA:18,1,1,0
BRDA:18,1,2,0
BRDA:18,1,3,0
BRDA:41,2,0,0
BRDA:41,2,1,0
BRDA:34,3,0,0
BRDA:34,3,1,0
BRDA:34,3,2,0
BRDA:34,3,3,0
BRDA:34,3,4,0
BRDA:34,3,5,0
BRDA:44,4,0,0
BRDA:44,4,1,0
BRDA:47,5,0,0
BRDA:47,5,1,0
BRDA:51,6,0,0
BRDA:51,6,1,0
BRDA:59,7,0,0
BRDA:59,7,1,0
BRDA:80,8,0,0
BRDA:80,8,1,0
BRF:25
BRH:0
end_of_record
TN:
SF:dist/js/webpack:/node_modules/axios/lib/utils.js
FN:3,(anonymous_1288)
FN:17,i
FN:27,a
FN:37,c
FN:48,s
FN:58,u
FN:68,f
FN:84,l
FN:94,p
FN:104,d
FN:114,h
FN:129,v
FN:139,y
FN:149,m
FN:159,g
FN:169,b
FN:179,w
FN:189,_
FN:208,x
FN:232,O
FN:276,C
FN:278,e
FN:304,A
FN:305,(anonymous_1311)
FN:321,S
FNF:25
FNH:0
FNDA:0,(anonymous_1288)
FNDA:0,i
FNDA:0,a
FNDA:0,c
FNDA:0,s
FNDA:0,u
FNDA:0,f
FNDA:0,l
FNDA:0,p
FNDA:0,d
FNDA:0,h
FNDA:0,v
FNDA:0,y
FNDA:0,m
FNDA:0,g
FNDA:0,b
FNDA:0,w
FNDA:0,_
FNDA:0,x
FNDA:0,O
FNDA:0,C
FNDA:0,e
FNDA:0,A
FNDA:0,(anonymous_1311)
FNDA:0,S
DA:3,0
DA:9,0
DA:18,0
DA:28,0
DA:38,0
DA:49,0
DA:59,0
DA:75,0
DA:85,0
DA:95,0
DA:105,0
DA:115,0
DA:116,0
DA:119,0
DA:120,0
DA:130,0
DA:140,0
DA:150,0
DA:160,0
DA:170,0
DA:180,0
DA:190,0
DA:209,0
DA:234,0
DA:244,0
DA:246,0
DA:247,0
DA:251,0
DA:252,0
DA:277,0
DA:279,0
DA:290,0
DA:291,0
DA:293,0
DA:307,0
DA:312,0
DA:325,0
DA:328,0
LF:38
LH:0
BRDA:38,0,0,0
BRDA:38,0,1,0
BRDA:38,0,2,0
BRDA:38,0,3,0
BRDA:38,0,4,0
BRDA:38,0,5,0
BRDA:59,1,0,0
BRDA:59,1,1,0
BRDA:71,2,0,0
BRDA:71,2,1,0
BRDA:70,3,0,0
BRDA:70,3,1,0
BRDA:73,4,0,0
BRDA:73,4,1,0
BRDA:73,4,2,0
BRDA:105,5,0,0
BRDA:105,5,1,0
BRDA:115,6,0,0
BRDA:115,6,1,0
BRDA:120,7,0,0
BRDA:120,7,1,0
BRDA:170,8,0,0
BRDA:170,8,1,0
BRDA:180,9,0,0
BRDA:180,9,1,0
BRDA:209,10,0,0
BRDA:209,10,1,0
BRDA:209,10,2,0
BRDA:209,10,3,0
BRDA:209,10,4,0
BRDA:209,10,5,0
BRDA:234,11,0,0
BRDA:234,11,1,0
BRDA:234,12,0,0
BRDA:234,12,1,0
BRDA:244,13,0,0
BRDA:244,13,1,0
BRDA:239,14,0,0
BRDA:239,14,1,0
BRDA:252,15,0,0
BRDA:252,15,1,0
BRDA:280,16,0,0
BRDA:280,16,1,0
BRDA:279,17,0,0
BRDA:279,17,1,0
BRDA:282,18,0,0
BRDA:282,18,1,0
BRDA:284,19,0,0
BRDA:284,19,1,0
BRDA:307,20,0,0
BRDA:307,20,1,0
BRDA:306,21,0,0
BRDA:306,21,1,0
BRDA:322,22,0,0
BRDA:322,22,1,0
BRF:55
BRH:0
end_of_record
TN:
SF:dist/js/webpack:/node_modules/axios/lib/adapters/xhr.js
FN:3,(anonymous_1254)
FN:12,(anonymous_1255)
FN:13,(anonymous_1256)
FN:37,(anonymous_1257)
FN:69,(anonymous_1258)
FN:81,(anonymous_1259)
FN:91,(anonymous_1260)
FN:119,(anonymous_1261)
FN:160,(anonymous_1262)
FNF:9
FNH:0
FNDA:0,(anonymous_1254)
FNDA:0,(anonymous_1255)
FNDA:0,(anonymous_1256)
FNDA:0,(anonymous_1257)
FNDA:0,(anonymous_1258)
FNDA:0,(anonymous_1259)
FNDA:0,(anonymous_1260)
FNDA:0,(anonymous_1261)
FNDA:0,(anonymous_1262)
DA:3,0
DA:4,0
DA:5,0
DA:6,0
DA:7,0
DA:8,0
DA:9,0
DA:10,0
DA:12,0
DA:13,0
DA:14,0
DA:15,0
DA:17,0
DA:21,0
DA:24,0
DA:25,0
DA:26,0
DA:27,0
DA:30,0
DA:38,0
DA:51,0
DA:52,0
DA:53,0
DA:62,0
DA:70,0
DA:84,0
DA:92,0
DA:93,0
DA:106,0
DA:108,0
DA:112,0
DA:120,0
DA:136,0
DA:137,0
DA:138,0
DA:142,0
DA:143,0
DA:149,0
DA:161,0
LF:39
LH:0
BRDA:17,0,0,0
BRDA:17,0,1,0
BRDA:24,1,0,0
BRDA:24,1,1,0
BRDA:25,2,0,0
BRDA:25,2,1,0
BRDA:26,3,0,0
BRDA:26,3,1,0
BRDA:106,4,0,0
BRDA:106,4,1,0
BRDA:38,5,0,0
BRDA:38,5,1,0
BRDA:38,6,0,0
BRDA:38,6,1,0
BRDA:38,6,2,0
BRDA:38,6,3,0
BRDA:38,6,4,0
BRDA:51,7,0,0
BRDA:51,7,1,0
BRDA:52,8,0,0
BRDA:52,8,1,0
BRDA:52,9,0,0
BRDA:52,9,1,0
BRDA:70,10,0,0
BRDA:70,10,1,0
BRDA:93,11,0,0
BRDA:93,11,1,0
BRDA:109,12,0,0
BRDA:109,12,1,0
BRDA:108,13,0,0
BRDA:108,13,1,0
BRDA:108,13,2,0
BRDA:112,14,0,0
BRDA:112,14,1,0
BRDA:136,15,0,0
BRDA:136,15,1,0
BRDA:118,16,0,0
BRDA:118,16,1,0
BRDA:120,17,0,0
BRDA:120,17,1,0
BRDA:120,18,0,0
BRDA:120,18,1,0
BRDA:131,19,0,0
BRDA:131,19,1,0
BRDA:142,20,0,0
BRDA:142,20,1,0
BRDA:149,21,0,0
BRDA:149,21,1,0
BRDA:154,22,0,0
BRDA:154,22,1,0
BRDA:154,22,2,0
BRDA:158,23,0,0
BRDA:158,23,1,0
BRDA:161,24,0,0
BRDA:161,24,1,0
BRDA:172,25,0,0
BRDA:172,25,1,0
BRF:57
BRH:0
end_of_record
TN:
SF:dist/js/webpack:/node_modules/axios/lib/cancel/Cancel.js
FN:9,(anonymous_836)
FN:9,r
FN:13,(anonymous_838)
FNF:3
FNH:0
FNDA:0,(anonymous_836)
FNDA:0,r
FNDA:0,(anonymous_838)
DA:10,0
DA:13,0
DA:14,0
LF:3
LH:0
BRDA:14,0,0,0
BRDA:14,0,1,0
BRF:2
BRH:0
end_of_record
TN:
SF:dist/js/webpack:/node_modules/axios/lib/cancel/CancelToken.js
FN:3,(anonymous_1126)
FN:11,o
FN:17,(anonymous_1128)
FN:22,(anonymous_1129)
FN:36,(anonymous_1130)
FN:46,(anonymous_1131)
FN:48,(anonymous_1132)
FNF:7
FNH:0
FNDA:0,(anonymous_1126)
FNDA:0,o
FNDA:0,(anonymous_1128)
FNDA:0,(anonymous_1129)
FNDA:0,(anonymous_1130)
FNDA:0,(anonymous_1131)
FNDA:0,(anonymous_1132)
DA:3,0
DA:12,0
DA:13,0
DA:17,0
DA:18,0
DA:21,0
DA:22,0
DA:23,0
DA:36,0
DA:37,0
DA:38,0
DA:48,0
DA:49,0
DA:51,0
LF:14
LH:0
BRDA:12,0,0,0
BRDA:12,0,1,0
BRDA:23,1,0,0
BRDA:23,1,1,0
BRDA:37,2,0,0
BRDA:37,2,1,0
BRF:6
BRH:0
end_of_record
TN:
SF:dist/js/webpack:/node_modules/axios/lib/cancel/isCancel.js
FN:3,(anonymous_578)
FN:3,(anonymous_579)
FNF:2
FNH:0
FNDA:0,(anonymous_578)
FNDA:0,(anonymous_579)
DA:3,0
DA:4,0
LF:2
LH:0
BRDA:4,0,0,0
BRDA:4,0,1,0
BRF:2
BRH:0
end_of_record
TN:
SF:dist/js/webpack:/node_modules/axios/lib/core/Axios.js
FN:3,(anonymous_13)
FN:14,s
FN:27,(anonymous_15)
FN:52,(anonymous_16)
FN:56,(anonymous_17)
FN:67,(anonymous_18)
FN:73,(anonymous_19)
FN:75,(anonymous_20)
FN:84,(anonymous_21)
FN:86,(anonymous_22)
FNF:10
FNH:0
FNDA:0,(anonymous_13)
FNDA:0,s
FNDA:0,(anonymous_15)
FNDA:0,(anonymous_16)
FNDA:0,(anonymous_17)
FNDA:0,(anonymous_18)
FNDA:0,(anonymous_19)
FNDA:0,(anonymous_20)
FNDA:0,(anonymous_21)
FNDA:0,(anonymous_22)
DA:3,0
DA:4,0
DA:5,0
DA:6,0
DA:7,0
DA:15,0
DA:27,0
DA:30,0
DA:49,0
DA:50,0
DA:52,0
DA:53,0
DA:57,0
DA:60,0
DA:61,0
DA:64,0
DA:69,0
DA:75,0
DA:76,0
DA:86,0
DA:87,0
LF:21
LH:0
BRDA:31,0,0,0
BRDA:31,0,1,0
BRDA:31,1,0,0
BRDA:31,1,1,0
BRDA:34,2,0,0
BRDA:34,2,1,0
BRDA:41,3,0,0
BRDA:41,3,1,0
BRDA:43,4,0,0
BRDA:43,4,1,0
BRDA:76,5,0,0
BRDA:76,5,1,0
BRDA:79,6,0,0
BRDA:79,6,1,0
BRDA:87,7,0,0
BRDA:87,7,1,0
BRF:16
BRH:0
end_of_record
TN:
SF:dist/js/webpack:/node_modules/axios/lib/core/InterceptorManager.js
FN:3,(anonymous_1452)
FN:5,o
FN:17,(anonymous_1454)
FN:30,(anonymous_1455)
FN:44,(anonymous_1456)
FN:45,(anonymous_1457)
FNF:6
FNH:0
FNDA:0,(anonymous_1452)
FNDA:0,o
FNDA:0,(anonymous_1454)
FNDA:0,(anonymous_1455)
FNDA:0,(anonymous_1456)
FNDA:0,(anonymous_1457)
DA:3,0
DA:6,0
DA:17,0
DA:22,0
DA:31,0
DA:45,0
DA:46,0
LF:7
LH:0
BRDA:31,0,0,0
BRDA:31,0,1,0
BRDA:46,1,0,0
BRDA:46,1,1,0
BRF:4
BRH:0
end_of_record
TN:
SF:dist/js/webpack:/node_modules/axios/lib/core/buildFullPath.js
FN:3,(anonymous_872)
FN:15,(anonymous_873)
FNF:2
FNH:0
FNDA:0,(anonymous_872)
FNDA:0,(anonymous_873)
DA:3,0
DA:4,0
DA:15,0
DA:16,0
LF:4
LH:0
BRDA:17,0,0,0
BRDA:17,0,1,0
BRDA:16,1,0,0
BRDA:16,1,1,0
BRF:4
BRH:0
end_of_record
TN:
SF:dist/js/webpack:/node_modules/axios/lib/core/createError.js
FN:3,(anonymous_576)
FN:15,(anonymous_577)
FNF:2
FNH:0
FNDA:0,(anonymous_576)
FNDA:0,(anonymous_577)
DA:3,0
DA:15,0
DA:16,0
DA:17,0
LF:4
LH:0
BRF:0
BRH:0
end_of_record
TN:
SF:dist/js/webpack:/node_modules/axios/lib/core/dispatchRequest.js
FN:3,(anonymous_789)
FN:11,c
FN:23,(anonymous_791)
FN:45,(anonymous_792)
FN:52,(anonymous_793)
FN:63,(anonymous_794)
FNF:6
FNH:0
FNDA:0,(anonymous_789)
FNDA:0,c
FNDA:0,(anonymous_791)
FNDA:0,(anonymous_792)
FNDA:0,(anonymous_793)
FNDA:0,(anonymous_794)
DA:3,0
DA:4,0
DA:5,0
DA:6,0
DA:12,0
DA:23,0
DA:24,0
DA:45,0
DA:50,0
DA:52,0
DA:62,0
DA:77,0
LF:12
LH:0
BRDA:12,0,0,0
BRDA:12,0,1,0
BRDA:27,1,0,0
BRDA:27,1,1,0
BRDA:38,2,0,0
BRDA:38,2,1,0
BRDA:39,3,0,0
BRDA:39,3,1,0
BRDA:50,4,0,0
BRDA:50,4,1,0
BRDA:64,5,0,0
BRDA:64,5,1,0
BRDA:68,6,0,0
BRDA:68,6,1,0
BRDA:68,6,2,0
BRF:15
BRH:0
end_of_record
TN:
SF:dist/js/webpack:/node_modules/axios/lib/core/enhanceError.js
FN:13,(anonymous_738)
FN:13,(anonymous_739)
FN:23,(anonymous_740)
FNF:3
FNH:0
FNDA:0,(anonymous_738)
FNDA:0,(anonymous_739)
FNDA:0,(anonymous_740)
DA:13,0
DA:24,0
DA:41,0
LF:3
LH:0
BRDA:15,0,0,0
BRDA:15,0,1,0
BRF:2
BRH:0
end_of_record
TN:
SF:dist/js/webpack:/node_modules/axios/lib/core/mergeConfig.js
FN:3,(anonymous_772)
FN:13,(anonymous_773)
FN:29,s
FN:40,u
FN:48,(anonymous_776)
FN:56,(anonymous_777)
FN:64,(anonymous_778)
FN:80,(anonymous_779)
FNF:8
FNH:0
FNDA:0,(anonymous_772)
FNDA:0,(anonymous_773)
FNDA:0,s
FNDA:0,u
FNDA:0,(anonymous_776)
FNDA:0,(anonymous_777)
FNDA:0,(anonymous_778)
FNDA:0,(anonymous_779)
DA:3,0
DA:13,0
DA:15,0
DA:16,0
DA:18,0
DA:19,0
DA:20,0
DA:27,0
DA:30,0
DA:41,0
DA:48,0
DA:49,0
DA:57,0
DA:65,0
DA:72,0
DA:77,0
DA:81,0
DA:86,0
LF:18
LH:0
BRDA:15,0,0,0
BRDA:15,0,1,0
BRDA:31,1,0,0
BRDA:31,1,1,0
BRDA:30,2,0,0
BRDA:30,2,1,0
BRDA:33,3,0,0
BRDA:33,3,1,0
BRDA:35,4,0,0
BRDA:35,4,1,0
BRDA:43,5,0,0
BRDA:43,5,1,0
BRDA:43,6,0,0
BRDA:43,6,1,0
BRDA:49,7,0,0
BRDA:49,7,1,0
BRDA:59,8,0,0
BRDA:59,8,1,0
BRDA:59,9,0,0
BRDA:59,9,1,0
BRDA:66,10,0,0
BRDA:66,10,1,0
BRDA:67,11,0,0
BRDA:67,11,1,0
BRF:24
BRH:0
end_of_record
TN:
SF:dist/js/webpack:/node_modules/axios/lib/core/settle.js
FN:3,(anonymous_766)
FN:12,(anonymous_767)
FNF:2
FNH:0
FNDA:0,(anonymous_766)
FNDA:0,(anonymous_767)
DA:3,0
DA:12,0
DA:13,0
DA:14,0
LF:4
LH:0
BRDA:17,0,0,0
BRDA:17,0,1,0
BRDA:14,1,0,0
BRDA:14,1,1,0
BRDA:14,1,2,0
BRF:5
BRH:0
end_of_record
TN:
SF:dist/js/webpack:/node_modules/axios/lib/core/transformData.js
FN:3,(anonymous_1284)
FN:13,(anonymous_1285)
FN:15,(anonymous_1286)
FNF:3
FNH:0
FNDA:0,(anonymous_1284)
FNDA:0,(anonymous_1285)
FNDA:0,(anonymous_1286)
DA:3,0
DA:13,0
DA:16,0
DA:19,0
LF:4
LH:0
BRF:0
BRH:0
end_of_record
TN:
SF:dist/js/webpack:/node_modules/axios/lib/helpers/bind.js
FN:3,(anonymous_46)
FN:3,(anonymous_47)
FN:4,(anonymous_48)
FNF:3
FNH:0
FNDA:0,(anonymous_46)
FNDA:0,(anonymous_47)
FNDA:0,(anonymous_48)
DA:3,0
DA:4,0
DA:5,0
DA:6,0
DA:7,0
DA:9,0
LF:6
LH:0
BRF:0
BRH:0
end_of_record
TN:
SF:dist/js/webpack:/node_modules/axios/lib/helpers/buildURL.js
FN:3,(anonymous_728)
FN:5,o
FN:22,(anonymous_730)
FN:36,(anonymous_731)
FN:47,(anonymous_732)
FNF:5
FNH:0
FNDA:0,(anonymous_728)
FNDA:0,o
FNDA:0,(anonymous_730)
FNDA:0,(anonymous_731)
FNDA:0,(anonymous_732)
DA:3,0
DA:6,0
DA:22,0
DA:24,0
DA:25,0
DA:29,0
DA:30,0
DA:31,0
DA:32,0
DA:34,0
DA:36,0
DA:37,0
DA:48,0
DA:60,0
DA:61,0
DA:69,0
LF:16
LH:0
BRDA:24,0,0,0
BRDA:24,0,1,0
BRDA:29,1,0,0
BRDA:29,1,1,0
BRDA:31,2,0,0
BRDA:31,2,1,0
BRDA:37,3,0,0
BRDA:37,3,1,0
BRDA:37,3,2,0
BRDA:42,4,0,0
BRDA:42,4,1,0
BRDA:49,5,0,0
BRDA:49,5,1,0
BRDA:50,6,0,0
BRDA:50,6,1,0
BRDA:60,7,0,0
BRDA:60,7,1,0
BRDA:61,8,0,0
BRDA:61,8,1,0
BRDA:66,9,0,0
BRDA:66,9,1,0
BRF:21
BRH:0
end_of_record
TN:
SF:dist/js/webpack:/node_modules/axios/lib/helpers/combineURLs.js
FN:10,(anonymous_1395)
FN:10,(anonymous_1396)
FNF:2
FNH:0
FNDA:0,(anonymous_1395)
FNDA:0,(anonymous_1396)
DA:10,0
DA:11,0
LF:2
LH:0
BRDA:12,0,0,0
BRDA:12,0,1,0
BRF:2
BRH:0
end_of_record
TN:
SF:dist/js/webpack:/node_modules/axios/lib/helpers/cookies.js
FN:3,(anonymous_839)
FN:9,(anonymous_840)
FN:11,(anonymous_841)
FN:34,(anonymous_842)
FN:39,(anonymous_843)
FN:46,(anonymous_844)
FN:48,(anonymous_845)
FN:49,(anonymous_846)
FN:50,(anonymous_847)
FNF:9
FNH:0
FNDA:0,(anonymous_839)
FNDA:0,(anonymous_840)
FNDA:0,(anonymous_841)
FNDA:0,(anonymous_842)
FNDA:0,(anonymous_843)
FNDA:0,(anonymous_844)
FNDA:0,(anonymous_845)
FNDA:0,(anonymous_846)
FNDA:0,(anonymous_847)
DA:3,0
DA:5,0
DA:10,0
DA:12,0
DA:13,0
DA:35,0
DA:36,0
DA:40,0
DA:47,0
DA:49,0
LF:10
LH:0
BRDA:9,0,0,0
BRDA:9,0,1,0
BRDA:15,1,0,0
BRDA:15,1,1,0
BRDA:19,2,0,0
BRDA:19,2,1,0
BRDA:23,3,0,0
BRDA:23,3,1,0
BRDA:24,4,0,0
BRDA:24,4,1,0
BRDA:36,5,0,0
BRDA:36,5,1,0
BRF:12
BRH:0
end_of_record
TN:
SF:dist/js/webpack:/node_modules/axios/lib/helpers/isAbsoluteURL.js
FN:9,(anonymous_1350)
FN:9,(anonymous_1351)
FNF:2
FNH:0
FNDA:0,(anonymous_1350)
FNDA:0,(anonymous_1351)
DA:9,0
DA:13,0
LF:2
LH:0
BRF:0
BRH:0
end_of_record
TN:
SF:dist/js/webpack:/node_modules/axios/lib/helpers/isAxiosError.js
FN:9,(anonymous_809)
FN:9,(anonymous_810)
FNF:2
FNH:0
FNDA:0,(anonymous_809)
FNDA:0,(anonymous_810)
DA:9,0
DA:10,0
LF:2
LH:0
BRDA:10,0,0,0
BRDA:10,0,1,0
BRF:2
BRH:0
end_of_record
TN:
SF:dist/js/webpack:/node_modules/axios/lib/helpers/isURLSameOrigin.js
FN:3,(anonymous_741)
FN:10,(anonymous_742)
FN:21,o
FN:55,(anonymous_744)
FN:63,(anonymous_745)
FN:64,(anonymous_746)
FNF:6
FNH:0
FNDA:0,(anonymous_741)
FNDA:0,(anonymous_742)
FNDA:0,o
FNDA:0,(anonymous_744)
FNDA:0,(anonymous_745)
FNDA:0,(anonymous_746)
DA:3,0
DA:5,0
DA:11,0
DA:12,0
DA:22,0
DA:33,0
DA:55,0
DA:56,0
DA:57,0
DA:64,0
DA:65,0
LF:11
LH:0
BRDA:10,0,0,0
BRDA:10,0,1,0
BRDA:24,1,0,0
BRDA:24,1,1,0
BRDA:35,2,0,0
BRDA:35,2,1,0
BRDA:37,3,0,0
BRDA:37,3,1,0
BRDA:38,4,0,0
BRDA:38,4,1,0
BRDA:42,5,0,0
BRDA:42,5,1,0
BRDA:56,6,0,0
BRDA:56,6,1,0
BRDA:57,7,0,0
BRDA:57,7,1,0
BRF:16
BRH:0
end_of_record
TN:
SF:dist/js/webpack:/node_modules/axios/lib/helpers/normalizeHeaderName.js
FN:3,(anonymous_1316)
FN:5,(anonymous_1317)
FN:6,(anonymous_1318)
FNF:3
FNH:0
FNDA:0,(anonymous_1316)
FNDA:0,(anonymous_1317)
FNDA:0,(anonymous_1318)
DA:3,0
DA:5,0
DA:6,0
DA:7,0
LF:4
LH:0
BRDA:7,0,0,0
BRDA:7,0,1,0
BRDA:7,0,2,0
BRF:3
BRH:0
end_of_record
TN:
SF:dist/js/webpack:/node_modules/axios/lib/helpers/parseHeaders.js
FN:3,(anonymous_1281)
FN:27,(anonymous_1282)
FN:35,(anonymous_1283)
FNF:3
FNH:0
FNDA:0,(anonymous_1281)
FNDA:0,(anonymous_1282)
FNDA:0,(anonymous_1283)
DA:3,0
DA:7,0
DA:27,0
DA:28,0
DA:33,0
DA:40,0
DA:41,0
DA:42,0
DA:45,0
LF:9
LH:0
BRDA:35,0,0,0
BRDA:35,0,1,0
BRDA:40,1,0,0
BRDA:40,1,1,0
BRDA:41,2,0,0
BRDA:41,2,1,0
BRDA:41,3,0,0
BRDA:41,3,1,0
BRDA:44,4,0,0
BRDA:44,4,1,0
BRDA:45,5,0,0
BRDA:45,5,1,0
BRDA:47,6,0,0
BRDA:47,6,1,0
BRF:14
BRH:0
end_of_record
TN:
SF:dist/js/webpack:/node_modules/axios/lib/helpers/spread.js
FN:23,(anonymous_26)
FN:23,(anonymous_27)
FN:24,(anonymous_28)
FNF:3
FNH:0
FNDA:0,(anonymous_26)
FNDA:0,(anonymous_27)
FNDA:0,(anonymous_28)
DA:23,0
DA:24,0
DA:25,0
LF:3
LH:0
BRF:0
BRH:0
end_of_record
TN:
SF:dist/js/webpack:/node_modules/core-js/internals/a-function.js
FN:1,(anonymous_35)
FN:1,(anonymous_36)
FNF:2
FNH:0
FNDA:0,(anonymous_35)
FNDA:0,(anonymous_36)
DA:1,0
DA:2,0
DA:3,0
DA:4,0
LF:4
LH:0
BRDA:2,0,0,0
BRDA:2,0,1,0
BRF:2
BRH:0
end_of_record
TN:
SF:dist/js/webpack:/node_modules/core-js/internals/a-possible-prototype.js
FN:1,(anonymous_747)
FN:3,(anonymous_748)
FNF:2
FNH:0
FNDA:0,(anonymous_747)
FNDA:0,(anonymous_748)
DA:1,0
DA:3,0
DA:4,0
DA:5,0
DA:6,0
LF:5
LH:0
BRDA:4,0,0,0
BRDA:4,0,1,0
BRDA:4,1,0,0
BRDA:4,1,1,0
BRF:4
BRH:0
end_of_record
TN:
SF:dist/js/webpack:/node_modules/core-js/internals/add-to-unscopables.js
FN:1,(anonymous_762)
FN:18,(anonymous_763)
FNF:2
FNH:0
FNDA:0,(anonymous_762)
FNDA:0,(anonymous_763)
DA:1,0
DA:2,0
DA:3,0
DA:5,0
DA:6,0
DA:19,0
LF:6
LH:0
BRDA:6,0,0,0
BRDA:6,0,1,0
BRF:2
BRH:0
end_of_record
TN:
SF:dist/js/webpack:/node_modules/core-js/internals/an-instance.js
FN:1,(anonymous_32)
FN:1,(anonymous_33)
FNF:2
FNH:0
FNDA:0,(anonymous_32)
FNDA:0,(anonymous_33)
DA:1,0
DA:2,0
DA:3,0
DA:4,0
LF:4
LH:0
BRDA:2,0,0,0
BRDA:2,0,1,0
BRDA:3,1,0,0
BRDA:3,1,1,0
BRF:4
BRH:0
end_of_record
TN:
SF:dist/js/webpack:/node_modules/core-js/internals/an-object.js
FN:1,(anonymous_867)
FN:3,(anonymous_868)
FNF:2
FNH:0
FNDA:0,(anonymous_867)
FNDA:0,(anonymous_868)
DA:1,0
DA:3,0
DA:4,0
DA:5,0
DA:6,0
LF:5
LH:0
BRDA:4,0,0,0
BRDA:4,0,1,0
BRF:2
BRH:0
end_of_record
TN:
SF:dist/js/webpack:/node_modules/core-js/internals/array-for-each.js
FN:2,(anonymous_30)
FN:9,(anonymous_31)
FNF:2
FNH:0
FNDA:0,(anonymous_30)
FNDA:0,(anonymous_31)
DA:2,0
DA:3,0
DA:5,0
DA:9,0
DA:10,0
LF:5
LH:0
BRDA:11,0,0,0
BRDA:11,0,1,0
BRDA:10,1,0,0
BRDA:10,1,1,0
BRF:4
BRH:0
end_of_record
TN:
SF:dist/js/webpack:/node_modules/core-js/internals/array-includes.js
FN:1,(anonymous_780)
FN:6,(anonymous_781)
FN:7,(anonymous_782)
FNF:3
FNH:0
FNDA:0,(anonymous_780)
FNDA:0,(anonymous_781)
FNDA:0,(anonymous_782)
DA:1,0
DA:2,0
DA:3,0
DA:6,0
DA:7,0
DA:8,0
DA:9,0
DA:10,0
DA:14,0
DA:17,0
DA:19,0
DA:20,0
DA:21,0
DA:25,0
LF:14
LH:0
BRDA:14,0,0,0
BRDA:14,0,1,0
BRDA:14,1,0,0
BRDA:14,1,1,0
BRDA:17,2,0,0
BRDA:17,2,1,0
BRDA:20,3,0,0
BRDA:20,3,1,0
BRDA:20,4,0,0
BRDA:20,4,1,0
BRDA:20,4,2,0
BRDA:20,5,0,0
BRDA:20,5,1,0
BRDA:20,5,2,0
BRDA:21,6,0,0
BRDA:21,6,1,0
BRF:16
BRH:0
end_of_record
TN:
SF:dist/js/webpack:/node_modules/core-js/internals/array-iteration.js
FN:1,(anonymous_1275)
FN:10,(anonymous_1276)
FN:18,(anonymous_1277)
FNF:3
FNH:0
FNDA:0,(anonymous_1275)
FNDA:0,(anonymous_1276)
FNDA:0,(anonymous_1277)
DA:1,0
DA:2,0
DA:3,0
DA:4,0
DA:5,0
DA:7,0
DA:10,0
DA:11,0
DA:12,0
DA:13,0
DA:14,0
DA:15,0
DA:16,0
DA:17,0
DA:18,0
DA:19,0
DA:20,0
DA:21,0
DA:22,0
DA:23,0
DA:24,0
DA:25,0
DA:27,0
DA:31,0
DA:32,0
DA:33,0
DA:34,0
DA:35,0
DA:36,0
DA:37,0
DA:38,0
DA:39,0
DA:43,0
DA:47,0
LF:34
LH:0
BRDA:17,0,0,0
BRDA:17,0,1,0
BRDA:24,1,0,0
BRDA:24,1,1,0
BRDA:25,2,0,0
BRDA:25,2,1,0
BRDA:25,3,0,0
BRDA:25,3,1,0
BRDA:25,4,0,0
BRDA:25,4,1,0
BRDA:27,5,0,0
BRDA:27,5,1,0
BRDA:27,6,0,0
BRDA:27,6,1,0
BRDA:27,6,2,0
BRDA:31,7,0,0
BRDA:31,7,1,0
BRDA:32,8,0,0
BRDA:32,8,1,0
BRDA:33,9,0,0
BRDA:33,9,1,0
BRDA:33,9,2,0
BRDA:33,9,3,0
BRDA:38,10,0,0
BRDA:38,10,1,0
BRDA:43,11,0,0
BRDA:43,11,1,0
BRDA:43,12,0,0
BRDA:43,12,1,0
BRDA:43,13,0,0
BRDA:43,13,1,0
BRF:31
BRH:0
end_of_record
TN:
SF:dist/js/webpack:/node_modules/core-js/internals/array-method-has-species-support.js
FN:1,(anonymous_59)
FN:7,(anonymous_60)
FN:11,(anonymous_61)
FN:14,(anonymous_62)
FNF:4
FNH:0
FNDA:0,(anonymous_59)
FNDA:0,(anonymous_60)
FNDA:0,(anonymous_61)
FNDA:0,(anonymous_62)
DA:1,0
DA:2,0
DA:3,0
DA:5,0
DA:7,0
DA:11,0
DA:12,0
DA:13,0
DA:15,0
DA:17,0
LF:10
LH:0
BRDA:11,0,0,0
BRDA:11,0,1,0
BRF:2
BRH:0
end_of_record
TN:
SF:dist/js/webpack:/node_modules/core-js/internals/array-method-is-strict.js
FN:2,(anonymous_1232)
FN:4,(anonymous_1233)
FN:6,(anonymous_1234)
FN:8,(anonymous_1235)
FNF:4
FNH:0
FNDA:0,(anonymous_1232)
FNDA:0,(anonymous_1233)
FNDA:0,(anonymous_1234)
FNDA:0,(anonymous_1235)
DA:2,0
DA:4,0
DA:5,0
DA:6,0
DA:8,0
LF:5
LH:0
BRDA:6,0,0,0
BRDA:6,0,1,0
BRDA:8,1,0,0
BRDA:8,1,1,0
BRF:4
BRH:0
end_of_record
TN:
SF:dist/js/webpack:/node_modules/core-js/internals/array-species-create.js
FN:1,(anonymous_817)
FN:9,(anonymous_818)
FNF:2
FNH:0
FNDA:0,(anonymous_817)
FNDA:0,(anonymous_818)
DA:1,0
DA:2,0
DA:3,0
DA:5,0
DA:9,0
DA:19,0
LF:6
LH:0
BRDA:11,0,0,0
BRDA:11,0,1,0
BRDA:15,1,0,0
BRDA:15,1,1,0
BRDA:14,2,0,0
BRDA:14,2,1,0
BRDA:14,2,2,0
BRDA:15,3,0,0
BRDA:15,3,1,0
BRDA:17,4,0,0
BRDA:17,4,1,0
BRDA:19,5,0,0
BRDA:19,5,1,0
BRDA:19,6,0,0
BRDA:19,6,1,0
BRF:15
BRH:0
end_of_record
TN:
SF:dist/js/webpack:/node_modules/core-js/internals/check-correctness-of-iteration.js
FN:1,(anonymous_37)
FN:9,(anonymous_38)
FN:12,(anonymous_39)
FN:16,(anonymous_40)
FN:20,(anonymous_41)
FN:23,(anonymous_42)
FN:28,(anonymous_43)
FN:30,(anonymous_44)
FNF:8
FNH:0
FNDA:0,(anonymous_37)
FNDA:0,(anonymous_38)
FNDA:0,(anonymous_39)
FNDA:0,(anonymous_40)
FNDA:0,(anonymous_41)
FNDA:0,(anonymous_42)
FNDA:0,(anonymous_43)
FNDA:0,(anonymous_44)
DA:1,0
DA:3,0
DA:4,0
DA:6,0
DA:7,0
DA:8,0
DA:10,0
DA:13,0
DA:16,0
DA:17,0
DA:20,0
DA:23,0
DA:24,0
DA:25,0
DA:26,0
DA:27,0
DA:28,0
DA:29,0
DA:31,0
DA:37,0
LF:20
LH:0
BRDA:24,0,0,0
BRDA:24,0,1,0
BRDA:24,1,0,0
BRDA:24,1,1,0
BRF:4
BRH:0
end_of_record
TN:
SF:dist/js/webpack:/node_modules/core-js/internals/classof-raw.js
FN:1,(anonymous_1313)
FN:3,(anonymous_1314)
FNF:2
FNH:0
FNDA:0,(anonymous_1313)
FNDA:0,(anonymous_1314)
DA:1,0
DA:3,0
DA:4,0
LF:3
LH:0
BRF:0
BRH:0
end_of_record
TN:
SF:dist/js/webpack:/node_modules/core-js/internals/classof.js
FN:1,(anonymous_1448)
FN:7,(anonymous_1449)
FN:10,(anonymous_1450)
FN:17,(anonymous_1451)
FNF:4
FNH:0
FNDA:0,(anonymous_1448)
FNDA:0,(anonymous_1449)
FNDA:0,(anonymous_1450)
FNDA:0,(anonymous_1451)
DA:1,0
DA:2,0
DA:3,0
DA:5,0
DA:7,0
DA:10,0
DA:11,0
DA:12,0
DA:17,0
DA:19,0
LF:10
LH:0
BRDA:17,0,0,0
BRDA:17,0,1,0
BRDA:19,1,0,0
BRDA:19,1,1,0
BRDA:19,2,0,0
BRDA:19,2,1,0
BRDA:21,3,0,0
BRDA:21,3,1,0
BRDA:23,4,0,0
BRDA:23,4,1,0
BRDA:25,5,0,0
BRDA:25,5,1,0
BRDA:25,6,0,0
BRDA:25,6,1,0
BRF:14
BRH:0
end_of_record
TN:
SF:dist/js/webpack:/node_modules/core-js/internals/copy-constructor-properties.js
FN:1,(anonymous_1438)
FN:6,(anonymous_1439)
FNF:2
FNH:0
FNDA:0,(anonymous_1438)
FNDA:0,(anonymous_1439)
DA:1,0
DA:2,0
DA:3,0
DA:4,0
DA:6,0
DA:7,0
DA:8,0
DA:9,0
DA:10,0
DA:11,0
DA:12,0
LF:11
LH:0
BRDA:12,0,0,0
BRDA:12,0,1,0
BRF:2
BRH:0
end_of_record
TN:
SF:dist/js/webpack:/node_modules/core-js/internals/correct-prototype-getter.js
FN:1,(anonymous_1381)
FN:3,(anonymous_1382)
FN:4,t
FNF:3
FNH:0
FNDA:0,(anonymous_1381)
FNDA:0,(anonymous_1382)
FNDA:0,t
DA:1,0
DA:3,0
DA:6,0
LF:3
LH:0
BRF:0
BRH:0
end_of_record
TN:
SF:dist/js/webpack:/node_modules/core-js/internals/create-iterator-constructor.js
FN:2,(anonymous_1193)
FN:8,(anonymous_1194)
FN:10,(anonymous_1195)
FNF:3
FNH:0
FNDA:0,(anonymous_1193)
FNDA:0,(anonymous_1194)
FNDA:0,(anonymous_1195)
DA:2,0
DA:3,0
DA:4,0
DA:5,0
DA:6,0
DA:8,0
DA:10,0
DA:11,0
DA:15,0
LF:9
LH:0
BRF:0
BRH:0
end_of_record
TN:
SF:dist/js/webpack:/node_modules/core-js/internals/create-non-enumerable-property.js
FN:1,(anonymous_1135)
FN:5,(anonymous_1136)
FN:7,(anonymous_1137)
FNF:3
FNH:0
FNDA:0,(anonymous_1135)
FNDA:0,(anonymous_1136)
FNDA:0,(anonymous_1137)
DA:1,0
DA:2,0
DA:3,0
DA:5,0
DA:6,0
DA:9,0
LF:6
LH:0
BRDA:5,0,0,0
BRDA:5,0,1,0
BRF:2
BRH:0
end_of_record
TN:
SF:dist/js/webpack:/node_modules/core-js/internals/create-property-descriptor.js
FN:1,(anonymous_807)
FN:1,(anonymous_808)
FNF:2
FNH:0
FNDA:0,(anonymous_807)
FNDA:0,(anonymous_808)
DA:1,0
DA:2,0
LF:2
LH:0
BRF:0
BRH:0
end_of_record
TN:
SF:dist/js/webpack:/node_modules/core-js/internals/create-property.js
FN:2,(anonymous_874)
FN:6,(anonymous_875)
FNF:2
FNH:0
FNDA:0,(anonymous_874)
FNDA:0,(anonymous_875)
DA:2,0
DA:3,0
DA:4,0
DA:6,0
DA:7,0
DA:8,0
LF:6
LH:0
BRDA:8,0,0,0
BRDA:8,0,1,0
BRF:2
BRH:0
end_of_record
TN:
SF:dist/js/webpack:/node_modules/core-js/internals/define-iterator.js
FN:2,(anonymous_857)
FN:21,(anonymous_858)
FN:23,(anonymous_859)
FN:26,(anonymous_860)
FN:30,(anonymous_861)
FN:31,(anonymous_862)
FN:32,(anonymous_863)
FN:33,(anonymous_864)
FN:66,(anonymous_865)
FNF:9
FNH:0
FNDA:0,(anonymous_857)
FNDA:0,(anonymous_858)
FNDA:0,(anonymous_859)
FNDA:0,(anonymous_860)
FNDA:0,(anonymous_861)
FNDA:0,(anonymous_862)
FNDA:0,(anonymous_863)
FNDA:0,(anonymous_864)
FNDA:0,(anonymous_865)
DA:2,0
DA:3,0
DA:4,0
DA:5,0
DA:6,0
DA:7,0
DA:8,0
DA:9,0
DA:10,0
DA:11,0
DA:12,0
DA:14,0
DA:15,0
DA:16,0
DA:17,0
DA:18,0
DA:19,0
DA:21,0
DA:23,0
DA:24,0
DA:26,0
DA:27,0
DA:28,0
DA:29,0
DA:30,0
DA:31,0
DA:32,0
DA:33,0
DA:36,0
DA:37,0
DA:38,0
DA:39,0
DA:42,0
DA:43,0
DA:66,0
DA:76,0
DA:82,0
DA:86,0
DA:89,0
LF:39
LH:0
BRDA:27,0,0,0
BRDA:27,0,1,0
BRDA:27,1,0,0
BRDA:27,1,1,0
BRDA:28,2,0,0
BRDA:28,2,1,0
BRDA:28,3,0,0
BRDA:28,3,1,0
BRDA:30,4,0,0
BRDA:30,4,1,0
BRDA:30,4,2,0
BRDA:39,5,0,0
BRDA:39,5,1,0
BRDA:39,5,2,0
BRDA:39,5,3,0
BRDA:42,6,0,0
BRDA:42,6,1,0
BRDA:42,6,2,0
BRDA:43,7,0,0
BRDA:43,7,1,0
BRDA:43,7,2,0
BRDA:76,8,0,0
BRDA:76,8,1,0
BRDA:47,9,0,0
BRDA:47,9,1,0
BRDA:49,10,0,0
BRDA:49,10,1,0
BRDA:49,10,2,0
BRDA:50,11,0,0
BRDA:50,11,1,0
BRDA:50,11,2,0
BRDA:52,12,0,0
BRDA:52,12,1,0
BRDA:53,13,0,0
BRDA:53,13,1,0
BRDA:59,14,0,0
BRDA:59,14,1,0
BRDA:64,15,0,0
BRDA:64,15,1,0
BRDA:64,15,2,0
BRDA:64,15,3,0
BRDA:70,16,0,0
BRDA:70,16,1,0
BRDA:70,16,2,0
BRDA:70,16,3,0
BRDA:82,17,0,0
BRDA:82,17,1,0
BRDA:79,18,0,0
BRDA:79,18,1,0
BRDA:83,19,0,0
BRDA:83,19,1,0
BRDA:83,19,2,0
BRDA:83,19,3,0
BRDA:86,20,0,0
BRDA:86,20,1,0
BRF:55
BRH:0
end_of_record
TN:
SF:dist/js/webpack:/node_modules/core-js/internals/define-well-known-symbol.js
FN:1,(anonymous_833)
FN:6,(anonymous_834)
FNF:2
FNH:0
FNDA:0,(anonymous_833)
FNDA:0,(anonymous_834)
DA:1,0
DA:2,0
DA:3,0
DA:4,0
DA:6,0
DA:7,0
DA:8,0
LF:7
LH:0
BRDA:7,0,0,0
BRDA:7,0,1,0
BRDA:8,1,0,0
BRDA:8,1,1,0
BRF:4
BRH:0
end_of_record
TN:
SF:dist/js/webpack:/node_modules/core-js/internals/descriptors.js
FN:1,(anonymous_869)
FN:4,(anonymous_870)
FN:5,(anonymous_871)
FNF:3
FNH:0
FNDA:0,(anonymous_869)
FNDA:0,(anonymous_870)
FNDA:0,(anonymous_871)
DA:1,0
DA:4,0
DA:5,0
LF:3
LH:0
BRF:0
BRH:0
end_of_record
TN:
SF:dist/js/webpack:/node_modules/core-js/internals/document-create-element.js
FN:1,(anonymous_1323)
FN:8,(anonymous_1324)
FNF:2
FNH:0
FNDA:0,(anonymous_1323)
FNDA:0,(anonymous_1324)
DA:1,0
DA:2,0
DA:4,0
DA:6,0
DA:8,0
DA:9,0
LF:6
LH:0
BRDA:6,0,0,0
BRDA:6,0,1,0
BRDA:9,1,0,0
BRDA:9,1,1,0
BRF:4
BRH:0
end_of_record
TN:
SF:dist/js/webpack:/node_modules/core-js/internals/dom-iterables.js
FN:3,(anonymous_1462)
FNF:1
FNH:0
FNDA:0,(anonymous_1462)
DA:3,0
LF:1
LH:0
BRF:0
BRH:0
end_of_record
TN:
SF:dist/js/webpack:/node_modules/core-js/internals/engine-is-ios.js
FN:1,(anonymous_45)
FNF:1
FNH:0
FNDA:0,(anonymous_45)
DA:1,0
DA:3,0
LF:2
LH:0
BRF:0
BRH:0
end_of_record
TN:
SF:dist/js/webpack:/node_modules/core-js/internals/engine-is-node.js
FN:1,(anonymous_811)
FNF:1
FNH:0
FNDA:0,(anonymous_811)
DA:1,0
DA:2,0
DA:4,0
LF:3
LH:0
BRF:0
BRH:0
end_of_record
TN:
SF:dist/js/webpack:/node_modules/core-js/internals/engine-is-webos-webkit.js
FN:1,(anonymous_1198)
FNF:1
FNH:0
FNDA:0,(anonymous_1198)
DA:1,0
DA:3,0
LF:2
LH:0
BRF:0
BRH:0
end_of_record
TN:
SF:dist/js/webpack:/node_modules/core-js/internals/engine-user-agent.js
FN:1,(anonymous_733)
FNF:1
FNH:0
FNDA:0,(anonymous_733)
DA:1,0
DA:3,0
LF:2
LH:0
BRDA:3,0,0,0
BRDA:3,0,1,0
BRF:2
BRH:0
end_of_record
TN:
SF:dist/js/webpack:/node_modules/core-js/internals/engine-v8-version.js
FN:1,(anonymous_575)
FNF:1
FNH:0
FNDA:0,(anonymous_575)
DA:1,0
DA:2,0
DA:4,0
DA:5,0
DA:6,0
DA:9,0
LF:6
LH:0
BRDA:5,0,0,0
BRDA:5,0,1,0
BRDA:6,1,0,0
BRDA:6,1,1,0
BRDA:10,2,0,0
BRDA:10,2,1,0
BRDA:12,3,0,0
BRDA:12,3,1,0
BRDA:13,4,0,0
BRDA:13,4,1,0
BRDA:13,4,2,0
BRDA:16,5,0,0
BRDA:16,5,1,0
BRDA:20,6,0,0
BRDA:20,6,1,0
BRF:15
BRH:0
end_of_record
TN:
SF:dist/js/webpack:/node_modules/core-js/internals/enum-bug-keys.js
FN:2,(anonymous_835)
FNF:1
FNH:0
FNDA:0,(anonymous_835)
DA:2,0
LF:1
LH:0
BRF:0
BRH:0
end_of_record
TN:
SF:dist/js/webpack:/node_modules/core-js/internals/export.js
FN:1,(anonymous_70)
FN:23,(anonymous_71)
FNF:2
FNH:0
FNDA:0,(anonymous_70)
FNDA:0,(anonymous_71)
DA:1,0
DA:2,0
DA:3,0
DA:4,0
DA:5,0
DA:6,0
DA:7,0
DA:23,0
DA:24,0
DA:25,0
DA:26,0
DA:35,0
DA:43,0
DA:44,0
DA:45,0
LF:15
LH:0
BRDA:35,0,0,0
BRDA:35,0,1,0
BRDA:29,1,0,0
BRDA:29,1,1,0
BRDA:31,2,0,0
BRDA:31,2,1,0
BRDA:31,3,0,0
BRDA:31,3,1,0
BRDA:33,4,0,0
BRDA:33,4,1,0
BRDA:43,5,0,0
BRDA:43,5,1,0
BRDA:38,6,0,0
BRDA:38,6,1,0
BRDA:39,7,0,0
BRDA:39,7,1,0
BRDA:41,8,0,0
BRDA:41,8,1,0
BRDA:41,9,0,0
BRDA:41,9,1,0
BRDA:41,10,0,0
BRDA:41,10,1,0
BRDA:44,11,0,0
BRDA:44,11,1,0
BRDA:48,12,0,0
BRDA:48,12,1,0
BRDA:48,12,2,0
BRDA:48,12,3,0
BRF:28
BRH:0
end_of_record
TN:
SF:dist/js/webpack:/node_modules/core-js/internals/fails.js
FN:1,(anonymous_1335)
FN:1,(anonymous_1336)
FNF:2
FNH:0
FNDA:0,(anonymous_1335)
FNDA:0,(anonymous_1336)
DA:1,0
DA:2,0
DA:3,0
DA:5,0
LF:4
LH:0
BRF:0
BRH:0
end_of_record
TN:
SF:dist/js/webpack:/node_modules/core-js/internals/function-bind-context.js
FN:1,(anonymous_1)
FN:4,(anonymous_2)
FN:8,(anonymous_3)
FN:11,(anonymous_4)
FN:14,(anonymous_5)
FN:17,(anonymous_6)
FN:21,(anonymous_7)
FNF:7
FNH:0
FNDA:0,(anonymous_1)
FNDA:0,(anonymous_2)
FNDA:0,(anonymous_3)
FNDA:0,(anonymous_4)
FNDA:0,(anonymous_5)
FNDA:0,(anonymous_6)
FNDA:0,(anonymous_7)
DA:1,0
DA:4,0
DA:6,0
DA:7,0
DA:8,0
DA:9,0
DA:11,0
DA:12,0
DA:14,0
DA:15,0
DA:17,0
DA:18,0
DA:21,0
DA:22,0
LF:14
LH:0
BRDA:6,0,0,0
BRDA:6,0,1,0
BRDA:8,1,0,0
BRDA:8,1,1,0
BRDA:8,1,2,0
BRDA:8,1,3,0
BRF:6
BRH:0
end_of_record
TN:
SF:dist/js/webpack:/node_modules/core-js/internals/get-built-in.js
FN:1,(anonymous_1337)
FN:4,(anonymous_1338)
FN:8,(anonymous_1339)
FNF:3
FNH:0
FNDA:0,(anonymous_1337)
FNDA:0,(anonymous_1338)
FNDA:0,(anonymous_1339)
DA:1,0
DA:2,0
DA:4,0
DA:5,0
DA:8,0
DA:9,0
LF:6
LH:0
BRDA:5,0,0,0
BRDA:5,0,1,0
BRDA:9,1,0,0
BRDA:9,1,1,0
BRDA:9,2,0,0
BRDA:9,2,1,0
BRDA:10,3,0,0
BRDA:10,3,1,0
BRDA:10,3,2,0
BRDA:10,3,3,0
BRF:10
BRH:0
end_of_record
TN:
SF:dist/js/webpack:/node_modules/core-js/internals/get-iterator-method.js
FN:1,(anonymous_734)
FN:7,(anonymous_735)
FNF:2
FNH:0
FNDA:0,(anonymous_734)
FNDA:0,(anonymous_735)
DA:1,0
DA:2,0
DA:3,0
DA:5,0
DA:7,0
DA:8,0
LF:6
LH:0
BRDA:8,0,0,0
BRDA:8,0,1,0
BRDA:8,1,0,0
BRDA:8,1,1,0
BRDA:8,1,2,0
BRF:5
BRH:0
end_of_record
TN:
SF:dist/js/webpack:/node_modules/core-js/internals/global.js
FN:1,(anonymous_1353)
FN:13,(anonymous_1355)
FNF:2
FNH:0
FNDA:0,(anonymous_1353)
FNDA:0,(anonymous_1355)
DA:1,0
DA:2,0
DA:6,0
DA:13,0
LF:4
LH:0
BRDA:2,0,0,0
BRDA:2,0,1,0
BRDA:2,0,2,0
BRDA:8,1,0,0
BRDA:8,1,1,0
BRDA:8,1,2,0
BRDA:8,1,3,0
BRDA:8,1,4,0
BRDA:8,1,5,0
BRDA:8,2,0,0
BRDA:8,2,1,0
BRDA:9,3,0,0
BRDA:9,3,1,0
BRDA:10,4,0,0
BRDA:10,4,1,0
BRDA:11,5,0,0
BRDA:11,5,1,0
BRF:17
BRH:0
end_of_record
TN:
SF:dist/js/webpack:/node_modules/core-js/internals/has.js
FN:1,(anonymous_787)
FN:3,(anonymous_788)
FNF:2
FNH:0
FNDA:0,(anonymous_787)
FNDA:0,(anonymous_788)
DA:1,0
DA:3,0
DA:4,0
LF:3
LH:0
BRF:0
BRH:0
end_of_record
TN:
SF:dist/js/webpack:/node_modules/core-js/internals/hidden-keys.js
FN:1,(anonymous_1334)
FNF:1
FNH:0
FNDA:0,(anonymous_1334)
DA:1,0
LF:1
LH:0
BRF:0
BRH:0
end_of_record
TN:
SF:dist/js/webpack:/node_modules/core-js/internals/host-report-errors.js
FN:1,(anonymous_764)
FN:3,(anonymous_765)
FNF:2
FNH:0
FNDA:0,(anonymous_764)
FNDA:0,(anonymous_765)
DA:1,0
DA:3,0
DA:4,0
DA:5,0
LF:4
LH:0
BRDA:5,0,0,0
BRDA:5,0,1,0
BRDA:5,0,2,0
BRDA:6,1,0,0
BRDA:6,1,1,0
BRF:5
BRH:0
end_of_record
TN:
SF:dist/js/webpack:/node_modules/core-js/internals/html.js
FN:1,(anonymous_34)
FNF:1
FNH:0
FNDA:0,(anonymous_34)
DA:1,0
DA:3,0
LF:2
LH:0
BRF:0
BRH:0
end_of_record
TN:
SF:dist/js/webpack:/node_modules/core-js/internals/ie8-dom-define.js
FN:1,(anonymous_23)
FN:6,(anonymous_24)
FN:8,(anonymous_25)
FNF:3
FNH:0
FNDA:0,(anonymous_23)
FNDA:0,(anonymous_24)
FNDA:0,(anonymous_25)
DA:1,0
DA:2,0
DA:3,0
DA:6,0
DA:7,0
DA:8,0
LF:6
LH:0
BRDA:6,0,0,0
BRDA:6,0,1,0
BRF:2
BRH:0
end_of_record
TN:
SF:dist/js/webpack:/node_modules/core-js/internals/indexed-object.js
FN:1,(anonymous_759)
FN:7,(anonymous_760)
FN:11,(anonymous_761)
FNF:3
FNH:0
FNDA:0,(anonymous_759)
FNDA:0,(anonymous_760)
FNDA:0,(anonymous_761)
DA:1,0
DA:2,0
DA:4,0
DA:7,0
DA:10,0
DA:12,0
LF:6
LH:0
BRDA:11,0,0,0
BRDA:11,0,1,0
BRDA:12,1,0,0
BRDA:12,1,1,0
BRF:4
BRH:0
end_of_record
TN:
SF:dist/js/webpack:/node_modules/core-js/internals/inspect-source.js
FN:1,(anonymous_878)
FN:7,(anonymous_879)
FNF:2
FNH:0
FNDA:0,(anonymous_878)
FNDA:0,(anonymous_879)
DA:1,0
DA:3,0
DA:6,0
DA:8,0
LF:4
LH:0
BRDA:6,0,0,0
BRDA:6,0,1,0
BRF:2
BRH:0
end_of_record
TN:
SF:dist/js/webpack:/node_modules/core-js/internals/internal-state.js
FN:1,(anonymous_819)
FN:13,(anonymous_820)
FN:17,(anonymous_821)
FN:18,(anonymous_822)
FN:31,(anonymous_823)
FN:36,(anonymous_824)
FN:39,(anonymous_825)
FN:45,(anonymous_826)
FN:50,(anonymous_827)
FN:53,(anonymous_828)
FNF:10
FNH:0
FNDA:0,(anonymous_819)
FNDA:0,(anonymous_820)
FNDA:0,(anonymous_821)
FNDA:0,(anonymous_822)
FNDA:0,(anonymous_823)
FNDA:0,(anonymous_824)
FNDA:0,(anonymous_825)
FNDA:0,(anonymous_826)
FNDA:0,(anonymous_827)
FNDA:0,(anonymous_828)
DA:1,0
DA:2,0
DA:3,0
DA:4,0
DA:5,0
DA:6,0
DA:7,0
DA:8,0
DA:10,0
DA:13,0
DA:14,0
DA:17,0
DA:18,0
DA:20,0
DA:21,0
DA:22,0
DA:26,0
DA:27,0
DA:28,0
DA:29,0
DA:30,0
DA:31,0
DA:34,0
DA:37,0
DA:40,0
DA:43,0
DA:44,0
DA:48,0
DA:51,0
DA:54,0
DA:58,0
LF:31
LH:0
BRDA:14,0,0,0
BRDA:14,0,1,0
BRDA:20,1,0,0
BRDA:20,1,1,0
BRDA:20,2,0,0
BRDA:20,2,1,0
BRDA:26,3,0,0
BRDA:26,3,1,0
BRDA:27,4,0,0
BRDA:27,4,1,0
BRDA:37,5,0,0
BRDA:37,5,1,0
BRDA:51,6,0,0
BRDA:51,6,1,0
BRF:14
BRH:0
end_of_record
TN:
SF:dist/js/webpack:/node_modules/core-js/internals/is-array-iterator-method.js
FN:1,(anonymous_1442)
FN:8,(anonymous_1443)
FNF:2
FNH:0
FNDA:0,(anonymous_1442)
FNDA:0,(anonymous_1443)
DA:1,0
DA:2,0
DA:4,0
DA:5,0
DA:8,0
DA:9,0
LF:6
LH:0
BRDA:9,0,0,0
BRDA:9,0,1,0
BRDA:9,0,2,0
BRF:3
BRH:0
end_of_record
TN:
SF:dist/js/webpack:/node_modules/core-js/internals/is-array.js
FN:1,(anonymous_1440)
FN:5,(anonymous_1441)
FNF:2
FNH:0
FNDA:0,(anonymous_1440)
FNDA:0,(anonymous_1441)
DA:1,0
DA:5,0
DA:6,0
LF:3
LH:0
BRDA:5,0,0,0
BRDA:5,0,1,0
BRF:2
BRH:0
end_of_record
TN:
SF:dist/js/webpack:/node_modules/core-js/internals/is-forced.js
FN:1,(anonymous_1138)
FN:5,(anonymous_1139)
FN:13,(anonymous_1140)
FNF:3
FNH:0
FNDA:0,(anonymous_1138)
FNDA:0,(anonymous_1139)
FNDA:0,(anonymous_1140)
DA:1,0
DA:3,0
DA:5,0
DA:6,0
DA:7,0
DA:13,0
DA:14,0
DA:17,0
DA:18,0
DA:19,0
DA:21,0
LF:11
LH:0
BRDA:7,0,0,0
BRDA:7,0,1,0
BRDA:7,0,2,0
BRDA:9,1,0,0
BRDA:9,1,1,0
BRF:5
BRH:0
end_of_record
TN:
SF:dist/js/webpack:/node_modules/core-js/internals/is-object.js
FN:1,(anonymous_876)
FN:1,(anonymous_877)
FNF:2
FNH:0
FNDA:0,(anonymous_876)
FNDA:0,(anonymous_877)
DA:1,0
DA:2,0
LF:2
LH:0
BRDA:2,0,0,0
BRDA:2,0,1,0
BRF:2
BRH:0
end_of_record
TN:
SF:dist/js/webpack:/node_modules/core-js/internals/is-pure.js
FN:1,(anonymous_1287)
FNF:1
FNH:0
FNDA:0,(anonymous_1287)
DA:1,0
LF:1
LH:0
BRF:0
BRH:0
end_of_record
TN:
SF:dist/js/webpack:/node_modules/core-js/internals/iterate.js
FN:1,(anonymous_63)
FN:8,(anonymous_64)
FN:13,(anonymous_65)
FN:21,(anonymous_66)
FN:26,(anonymous_67)
FNF:5
FNH:0
FNDA:0,(anonymous_63)
FNDA:0,(anonymous_64)
FNDA:0,(anonymous_65)
FNDA:0,(anonymous_66)
FNDA:0,(anonymous_67)
DA:1,0
DA:2,0
DA:3,0
DA:4,0
DA:5,0
DA:6,0
DA:8,0
DA:9,0
DA:13,0
DA:14,0
DA:15,0
DA:16,0
DA:17,0
DA:18,0
DA:21,0
DA:23,0
DA:26,0
DA:27,0
DA:33,0
DA:34,0
DA:37,0
DA:39,0
DA:40,0
DA:42,0
DA:43,0
DA:45,0
DA:48,0
DA:49,0
DA:50,0
DA:51,0
DA:54,0
DA:56,0
DA:57,0
LF:33
LH:0
BRDA:14,0,0,0
BRDA:14,0,1,0
BRDA:15,1,0,0
BRDA:15,1,1,0
BRDA:16,2,0,0
BRDA:16,2,1,0
BRDA:17,3,0,0
BRDA:17,3,1,0
BRDA:22,4,0,0
BRDA:22,4,1,0
BRDA:28,5,0,0
BRDA:28,5,1,0
BRDA:29,6,0,0
BRDA:29,6,1,0
BRDA:30,7,0,0
BRDA:30,7,1,0
BRDA:33,8,0,0
BRDA:33,8,1,0
BRDA:37,9,0,0
BRDA:37,9,1,0
BRDA:39,10,0,0
BRDA:39,10,1,0
BRDA:42,11,0,0
BRDA:42,11,1,0
BRDA:42,12,0,0
BRDA:42,12,1,0
BRDA:56,13,0,0
BRDA:56,13,1,0
BRDA:56,14,0,0
BRDA:56,14,1,0
BRDA:56,14,2,0
BRF:31
BRH:0
end_of_record
TN:
SF:dist/js/webpack:/node_modules/core-js/internals/iterator-close.js
FN:1,(anonymous_92)
FN:3,(anonymous_93)
FNF:2
FNH:0
FNDA:0,(anonymous_92)
FNDA:0,(anonymous_93)
DA:1,0
DA:3,0
DA:4,0
DA:5,0
DA:6,0
LF:5
LH:0
BRDA:5,0,0,0
BRDA:5,0,1,0
BRF:2
BRH:0
end_of_record
TN:
SF:dist/js/webpack:/node_modules/core-js/internals/iterators-core.js
FN:2,(anonymous_1247)
FN:12,(anonymous_1248)
FN:28,(anonymous_1249)
FNF:3
FNH:0
FNDA:0,(anonymous_1247)
FNDA:0,(anonymous_1248)
FNDA:0,(anonymous_1249)
DA:2,0
DA:3,0
DA:4,0
DA:5,0
DA:6,0
DA:7,0
DA:9,0
DA:10,0
DA:12,0
DA:18,0
DA:28,0
DA:29,0
DA:31,0
DA:34,0
LF:14
LH:0
BRDA:18,0,0,0
BRDA:18,0,1,0
BRDA:23,1,0,0
BRDA:23,1,1,0
BRDA:24,2,0,0
BRDA:24,2,1,0
BRDA:28,3,0,0
BRDA:28,3,1,0
BRDA:34,4,0,0
BRDA:34,4,1,0
BRDA:37,5,0,0
BRDA:37,5,1,0
BRDA:37,5,2,0
BRDA:37,5,3,0
BRF:14
BRH:0
end_of_record
TN:
SF:dist/js/webpack:/node_modules/core-js/internals/iterators.js
FN:1,(anonymous_749)
FNF:1
FNH:0
FNDA:0,(anonymous_749)
DA:1,0
LF:1
LH:0
BRF:0
BRH:0
end_of_record
TN:
SF:dist/js/webpack:/node_modules/core-js/internals/microtask.js
FN:1,(anonymous_1263)
FN:20,(anonymous_1264)
FN:51,(anonymous_1265)
FN:56,(anonymous_1266)
FN:66,(anonymous_1267)
FN:43,(anonymous_1268)
FN:73,(anonymous_1269)
FNF:7
FNH:0
FNDA:0,(anonymous_1263)
FNDA:0,(anonymous_1264)
FNDA:0,(anonymous_1265)
FNDA:0,(anonymous_1266)
FNDA:0,(anonymous_1267)
FNDA:0,(anonymous_1268)
FNDA:0,(anonymous_1269)
DA:1,0
DA:2,0
DA:3,0
DA:4,0
DA:5,0
DA:6,0
DA:8,0
DA:9,0
DA:10,0
DA:11,0
DA:13,0
DA:14,0
DA:19,0
DA:22,0
DA:23,0
DA:24,0
DA:26,0
DA:27,0
DA:31,0
DA:33,0
DA:44,0
DA:52,0
DA:57,0
DA:68,0
DA:74,0
DA:75,0
LF:26
LH:0
BRDA:8,0,0,0
BRDA:8,0,1,0
BRDA:14,1,0,0
BRDA:14,1,1,0
BRDA:19,2,0,0
BRDA:19,2,1,0
BRDA:22,3,0,0
BRDA:22,3,1,0
BRDA:22,3,2,0
BRDA:29,4,0,0
BRDA:29,4,1,0
BRDA:34,5,0,0
BRDA:34,5,1,0
BRDA:47,6,0,0
BRDA:47,6,1,0
BRDA:39,7,0,0
BRDA:39,7,1,0
BRDA:39,7,2,0
BRDA:39,7,3,0
BRDA:39,7,4,0
BRDA:49,8,0,0
BRDA:49,8,1,0
BRDA:47,9,0,0
BRDA:47,9,1,0
BRDA:56,10,0,0
BRDA:56,10,1,0
BRDA:73,11,0,0
BRDA:73,11,1,0
BRDA:75,12,0,0
BRDA:75,12,1,0
BRDA:76,13,0,0
BRDA:76,13,1,0
BRF:32
BRH:0
end_of_record
TN:
SF:dist/js/webpack:/node_modules/core-js/internals/native-promise-constructor.js
FN:1,(anonymous_1464)
FNF:1
FNH:0
FNDA:0,(anonymous_1464)
DA:1,0
DA:3,0
LF:2
LH:0
BRF:0
BRH:0
end_of_record
TN:
SF:dist/js/webpack:/node_modules/core-js/internals/native-symbol.js
FN:1,(anonymous_770)
FN:5,(anonymous_771)
FNF:2
FNH:0
FNDA:0,(anonymous_770)
FNDA:0,(anonymous_771)
DA:1,0
DA:2,0
DA:3,0
DA:5,0
DA:7,0
LF:5
LH:0
BRDA:5,0,0,0
BRDA:5,0,1,0
BRDA:7,1,0,0
BRDA:7,1,1,0
BRDA:10,2,0,0
BRDA:10,2,1,0
BRDA:10,3,0,0
BRDA:10,3,1,0
BRF:8
BRH:0
end_of_record
TN:
SF:dist/js/webpack:/node_modules/core-js/internals/native-weak-map.js
FN:1,(anonymous_866)
FNF:1
FNH:0
FNDA:0,(anonymous_866)
DA:1,0
DA:2,0
DA:4,0
DA:6,0
LF:4
LH:0
BRDA:6,0,0,0
BRDA:6,0,1,0
BRF:2
BRH:0
end_of_record
TN:
SF:dist/js/webpack:/node_modules/core-js/internals/new-promise-capability.js
FN:2,(anonymous_1444)
FN:4,(anonymous_1445)
FN:6,(anonymous_1446)
FN:16,(anonymous_1447)
FNF:4
FNH:0
FNDA:0,(anonymous_1444)
FNDA:0,(anonymous_1445)
FNDA:0,(anonymous_1446)
FNDA:0,(anonymous_1447)
DA:2,0
DA:4,0
DA:6,0
DA:7,0
DA:8,0
DA:16,0
DA:17,0
LF:7
LH:0
BRDA:7,0,0,0
BRDA:7,0,1,0
BRDA:7,1,0,0
BRDA:7,1,1,0
BRF:4
BRH:0
end_of_record
TN:
SF:dist/js/webpack:/node_modules/core-js/internals/object-assign.js
FN:2,(anonymous_812)
FN:15,(anonymous_813)
FN:19,(anonymous_814)
FN:33,(anonymous_815)
FN:35,(anonymous_816)
FNF:5
FNH:0
FNDA:0,(anonymous_812)
FNDA:0,(anonymous_813)
FNDA:0,(anonymous_814)
FNDA:0,(anonymous_815)
FNDA:0,(anonymous_816)
DA:2,0
DA:3,0
DA:4,0
DA:5,0
DA:6,0
DA:7,0
DA:8,0
DA:10,0
DA:11,0
DA:15,0
DA:17,0
DA:20,0
DA:25,0
DA:27,0
DA:28,0
DA:30,0
DA:31,0
DA:33,0
DA:34,0
DA:36,0
DA:37,0
DA:38,0
DA:39,0
DA:40,0
DA:41,0
DA:42,0
DA:43,0
DA:44,0
DA:45,0
DA:47,0
DA:48,0
DA:51,0
LF:32
LH:0
BRDA:35,0,0,0
BRDA:35,0,1,0
BRDA:15,1,0,0
BRDA:15,1,1,0
BRDA:17,2,0,0
BRDA:17,2,1,0
BRDA:17,3,0,0
BRDA:17,3,1,0
BRDA:34,4,0,0
BRDA:34,4,1,0
BRDA:43,5,0,0
BRDA:43,5,1,0
BRDA:49,6,0,0
BRDA:49,6,1,0
BRDA:49,6,2,0
BRF:15
BRH:0
end_of_record
TN:
SF:dist/js/webpack:/node_modules/core-js/internals/object-create.js
FN:1,(anonymous_850)
FN:15,(anonymous_851)
FN:17,(anonymous_852)
FN:22,(anonymous_853)
FN:31,(anonymous_854)
FN:53,(anonymous_855)
FN:68,(anonymous_856)
FNF:7
FNH:0
FNDA:0,(anonymous_850)
FNDA:0,(anonymous_851)
FNDA:0,(anonymous_852)
FNDA:0,(anonymous_853)
FNDA:0,(anonymous_854)
FNDA:0,(anonymous_855)
FNDA:0,(anonymous_856)
DA:1,0
DA:2,0
DA:3,0
DA:4,0
DA:5,0
DA:6,0
DA:7,0
DA:9,0
DA:10,0
DA:11,0
DA:12,0
DA:13,0
DA:15,0
DA:17,0
DA:18,0
DA:22,0
DA:23,0
DA:25,0
DA:27,0
DA:31,0
DA:33,0
DA:34,0
DA:44,0
DA:53,0
DA:54,0
DA:56,0
DA:58,0
DA:59,0
DA:60,0
DA:61,0
DA:64,0
DA:77,0
LF:32
LH:0
BRDA:56,0,0,0
BRDA:56,0,1,0
BRDA:58,1,0,0
BRDA:58,1,1,0
BRDA:68,2,0,0
BRDA:68,2,1,0
BRDA:71,3,0,0
BRDA:71,3,1,0
BRDA:77,4,0,0
BRDA:77,4,1,0
BRF:10
BRH:0
end_of_record
TN:
SF:dist/js/webpack:/node_modules/core-js/internals/object-define-properties.js
FN:1,(anonymous_736)
FN:8,(anonymous_737)
FNF:2
FNH:0
FNDA:0,(anonymous_736)
FNDA:0,(anonymous_737)
DA:1,0
DA:2,0
DA:3,0
DA:4,0
DA:8,0
DA:9,0
DA:10,0
DA:11,0
DA:12,0
DA:14,0
DA:15,0
LF:11
LH:0
BRDA:8,0,0,0
BRDA:8,0,1,0
BRF:2
BRH:0
end_of_record
TN:
SF:dist/js/webpack:/node_modules/core-js/internals/object-define-property.js
FN:1,(anonymous_1191)
FN:10,(anonymous_1192)
FNF:2
FNH:0
FNDA:0,(anonymous_1191)
FNDA:0,(anonymous_1192)
DA:1,0
DA:2,0
DA:3,0
DA:4,0
DA:6,0
DA:10,0
DA:14,0
DA:15,0
DA:17,0
DA:19,0
LF:10
LH:0
BRDA:10,0,0,0
BRDA:10,0,1,0
BRDA:14,1,0,0
BRDA:14,1,1,0
BRDA:17,2,0,0
BRDA:17,2,1,0
BRDA:17,3,0,0
BRDA:17,3,1,0
BRDA:18,4,0,0
BRDA:18,4,1,0
BRF:10
BRH:0
end_of_record
TN:
SF:dist/js/webpack:/node_modules/core-js/internals/object-get-own-property-descriptor.js
FN:1,(anonymous_11)
FN:13,(anonymous_12)
FNF:2
FNH:0
FNDA:0,(anonymous_11)
FNDA:0,(anonymous_12)
DA:1,0
DA:2,0
DA:3,0
DA:4,0
DA:5,0
DA:6,0
DA:7,0
DA:9,0
DA:13,0
DA:16,0
DA:17,0
DA:19,0
LF:12
LH:0
BRDA:13,0,0,0
BRDA:13,0,1,0
BRDA:16,1,0,0
BRDA:16,1,1,0
BRDA:19,2,0,0
BRDA:19,2,1,0
BRF:6
BRH:0
end_of_record
TN:
SF:dist/js/webpack:/node_modules/core-js/internals/object-get-own-property-names-external.js
FN:1,(anonymous_8)
FN:9,(anonymous_9)
FN:18,(anonymous_10)
FNF:3
FNH:0
FNDA:0,(anonymous_8)
FNDA:0,(anonymous_9)
FNDA:0,(anonymous_10)
DA:1,0
DA:2,0
DA:4,0
DA:6,0
DA:9,0
DA:10,0
DA:11,0
DA:13,0
DA:18,0
DA:19,0
LF:10
LH:0
BRDA:7,0,0,0
BRDA:7,0,1,0
BRDA:6,1,0,0
BRDA:6,1,1,0
BRDA:6,1,2,0
BRDA:20,2,0,0
BRDA:20,2,1,0
BRDA:19,3,0,0
BRDA:19,3,1,0
BRF:9
BRH:0
end_of_record
TN:
SF:dist/js/webpack:/node_modules/core-js/internals/object-get-own-property-names.js
FN:1,(anonymous_72)
FN:8,(anonymous_73)
FNF:2
FNH:0
FNDA:0,(anonymous_72)
FNDA:0,(anonymous_73)
DA:1,0
DA:2,0
DA:4,0
DA:8,0
DA:9,0
LF:5
LH:0
BRDA:8,0,0,0
BRDA:8,0,1,0
BRF:2
BRH:0
end_of_record
TN:
SF:dist/js/webpack:/node_modules/core-js/internals/object-get-own-property-symbols.js
FN:1,(anonymous_832)
FNF:1
FNH:0
FNDA:0,(anonymous_832)
DA:1,0
LF:1
LH:0
BRF:0
BRH:0
end_of_record
TN:
SF:dist/js/webpack:/node_modules/core-js/internals/object-get-prototype-of.js
FN:1,(anonymous_1379)
FN:11,(anonymous_1380)
FNF:2
FNH:0
FNDA:0,(anonymous_1379)
FNDA:0,(anonymous_1380)
DA:1,0
DA:2,0
DA:3,0
DA:4,0
DA:6,0
DA:7,0
DA:11,0
DA:13,0
LF:8
LH:0
BRDA:11,0,0,0
BRDA:11,0,1,0
BRDA:13,1,0,0
BRDA:13,1,1,0
BRDA:15,2,0,0
BRDA:15,2,1,0
BRDA:14,3,0,0
BRDA:14,3,1,0
BRDA:16,4,0,0
BRDA:16,4,1,0
BRF:10
BRH:0
end_of_record
TN:
SF:dist/js/webpack:/node_modules/core-js/internals/object-keys-internal.js
FN:1,(anonymous_1321)
FN:6,(anonymous_1322)
FNF:2
FNH:0
FNDA:0,(anonymous_1321)
FNDA:0,(anonymous_1322)
DA:1,0
DA:2,0
DA:3,0
DA:4,0
DA:6,0
DA:7,0
DA:8,0
DA:9,0
DA:11,0
DA:13,0
DA:16,0
LF:11
LH:0
BRDA:11,0,0,0
BRDA:11,0,1,0
BRDA:11,0,2,0
BRDA:13,1,0,0
BRDA:13,1,1,0
BRDA:13,1,2,0
BRF:6
BRH:0
end_of_record
TN:
SF:dist/js/webpack:/node_modules/core-js/internals/object-keys.js
FN:1,(anonymous_1358)
FN:6,(anonymous_1359)
FNF:2
FNH:0
FNDA:0,(anonymous_1358)
FNDA:0,(anonymous_1359)
DA:1,0
DA:2,0
DA:6,0
DA:7,0
LF:4
LH:0
BRDA:6,0,0,0
BRDA:6,0,1,0
BRF:2
BRH:0
end_of_record
TN:
SF:dist/js/webpack:/node_modules/core-js/internals/object-property-is-enumerable.js
FN:2,(anonymous_1340)
FN:10,(anonymous_1341)
FNF:2
FNH:0
FNDA:0,(anonymous_1340)
FNDA:0,(anonymous_1341)
DA:2,0
DA:3,0
DA:6,0
DA:10,0
DA:11,0
DA:12,0
LF:6
LH:0
BRDA:6,0,0,0
BRDA:6,0,1,0
BRDA:10,1,0,0
BRDA:10,1,1,0
BRDA:12,2,0,0
BRDA:12,2,1,0
BRF:6
BRH:0
end_of_record
TN:
SF:dist/js/webpack:/node_modules/core-js/internals/object-set-prototype-of.js
FN:2,(anonymous_1342)
FN:8,(anonymous_1343)
FN:17,(anonymous_1344)
FNF:3
FNH:0
FNDA:0,(anonymous_1342)
FNDA:0,(anonymous_1343)
FNDA:0,(anonymous_1344)
DA:2,0
DA:3,0
DA:8,0
DA:9,0
DA:10,0
DA:12,0
DA:13,0
DA:17,0
DA:22,0
LF:9
LH:0
BRDA:8,0,0,0
BRDA:8,0,1,0
BRDA:8,1,0,0
BRDA:8,1,1,0
BRDA:20,2,0,0
BRDA:20,2,1,0
BRF:6
BRH:0
end_of_record
TN:
SF:dist/js/webpack:/node_modules/core-js/internals/object-to-string.js
FN:2,(anonymous_1250)
FN:7,(anonymous_1251)
FNF:2
FNH:0
FNDA:0,(anonymous_1250)
FNDA:0,(anonymous_1251)
DA:2,0
DA:3,0
DA:7,0
DA:8,0
LF:4
LH:0
BRDA:7,0,0,0
BRDA:7,0,1,0
BRF:2
BRH:0
end_of_record
TN:
SF:dist/js/webpack:/node_modules/core-js/internals/own-keys.js
FN:1,(anonymous_805)
FN:7,(anonymous_806)
FNF:2
FNH:0
FNDA:0,(anonymous_805)
FNDA:0,(anonymous_806)
DA:1,0
DA:2,0
DA:3,0
DA:4,0
DA:7,0
DA:8,0
DA:9,0
DA:10,0
LF:8
LH:0
BRDA:7,0,0,0
BRDA:7,0,1,0
BRDA:10,1,0,0
BRDA:10,1,1,0
BRF:4
BRH:0
end_of_record
TN:
SF:dist/js/webpack:/node_modules/core-js/internals/path.js
FN:1,(anonymous_750)
FNF:1
FNH:0
FNDA:0,(anonymous_750)
DA:1,0
DA:3,0
LF:2
LH:0
BRF:0
BRH:0
end_of_record
TN:
SF:dist/js/webpack:/node_modules/core-js/internals/perform.js
FN:1,(anonymous_1393)
FN:1,(anonymous_1394)
FNF:2
FNH:0
FNDA:0,(anonymous_1393)
FNDA:0,(anonymous_1394)
DA:1,0
DA:2,0
DA:3,0
DA:5,0
LF:4
LH:0
BRF:0
BRH:0
end_of_record
TN:
SF:dist/js/webpack:/node_modules/core-js/internals/promise-resolve.js
FN:1,(anonymous_1326)
FN:5,(anonymous_1327)
FNF:2
FNH:0
FNDA:0,(anonymous_1326)
FNDA:0,(anonymous_1327)
DA:1,0
DA:2,0
DA:3,0
DA:5,0
DA:7,0
DA:8,0
DA:9,0
DA:11,0
LF:8
LH:0
BRDA:7,0,0,0
BRDA:7,0,1,0
BRDA:7,1,0,0
BRDA:7,1,1,0
BRF:4
BRH:0
end_of_record
TN:
SF:dist/js/webpack:/node_modules/core-js/internals/redefine-all.js
FN:1,(anonymous_1387)
FN:3,(anonymous_1388)
FNF:2
FNH:0
FNDA:0,(anonymous_1387)
FNDA:0,(anonymous_1388)
DA:1,0
DA:3,0
DA:4,0
DA:5,0
LF:4
LH:0
BRF:0
BRH:0
end_of_record
TN:
SF:dist/js/webpack:/node_modules/core-js/internals/redefine.js
FN:1,(anonymous_829)
FN:12,(anonymous_830)
FN:38,(anonymous_831)
FNF:3
FNH:0
FNDA:0,(anonymous_829)
FNDA:0,(anonymous_830)
FNDA:0,(anonymous_831)
DA:1,0
DA:2,0
DA:3,0
DA:4,0
DA:5,0
DA:6,0
DA:8,0
DA:9,0
DA:10,0
DA:13,0
DA:14,0
DA:15,0
DA:17,0
DA:39,0
LF:14
LH:0
BRDA:13,0,0,0
BRDA:13,0,1,0
BRDA:14,1,0,0
BRDA:14,1,1,0
BRDA:15,2,0,0
BRDA:15,2,1,0
BRDA:17,3,0,0
BRDA:17,3,1,0
BRDA:18,4,0,0
BRDA:18,4,1,0
BRDA:18,4,2,0
BRDA:22,5,0,0
BRDA:22,5,1,0
BRDA:23,6,0,0
BRDA:23,6,1,0
BRDA:30,7,0,0
BRDA:30,7,1,0
BRDA:30,8,0,0
BRDA:30,8,1,0
BRDA:30,9,0,0
BRDA:30,9,1,0
BRDA:30,9,2,0
BRDA:35,10,0,0
BRDA:35,10,1,0
BRDA:27,11,0,0
BRDA:27,11,1,0
BRDA:39,12,0,0
BRDA:39,12,1,0
BRDA:39,12,2,0
BRF:29
BRH:0
end_of_record
TN:
SF:dist/js/webpack:/node_modules/core-js/internals/require-object-coercible.js
FN:3,(anonymous_49)
FN:3,(anonymous_50)
FNF:2
FNH:0
FNDA:0,(anonymous_49)
FNDA:0,(anonymous_50)
DA:3,0
DA:4,0
DA:5,0
LF:3
LH:0
BRDA:4,0,0,0
BRDA:4,0,1,0
BRF:2
BRH:0
end_of_record
TN:
SF:dist/js/webpack:/node_modules/core-js/internals/set-global.js
FN:1,(anonymous_1328)
FN:4,(anonymous_1329)
FNF:2
FNH:0
FNDA:0,(anonymous_1328)
FNDA:0,(anonymous_1329)
DA:1,0
DA:2,0
DA:4,0
DA:5,0
DA:6,0
DA:8,0
DA:9,0
LF:7
LH:0
BRF:0
BRH:0
end_of_record
TN:
SF:dist/js/webpack:/node_modules/core-js/internals/set-species.js
FN:2,(anonymous_83)
FN:9,(anonymous_84)
FN:16,(anonymous_85)
FNF:3
FNH:0
FNDA:0,(anonymous_83)
FNDA:0,(anonymous_84)
FNDA:0,(anonymous_85)
DA:2,0
DA:3,0
DA:4,0
DA:5,0
DA:7,0
DA:9,0
DA:10,0
DA:11,0
DA:13,0
DA:16,0
LF:10
LH:0
BRDA:13,0,0,0
BRDA:13,0,1,0
BRDA:13,0,2,0
BRDA:13,0,3,0
BRF:4
BRH:0
end_of_record
TN:
SF:dist/js/webpack:/node_modules/core-js/internals/set-to-string-tag.js
FN:1,(anonymous_1346)
FN:7,(anonymous_1347)
FNF:2
FNH:0
FNDA:0,(anonymous_1346)
FNDA:0,(anonymous_1347)
DA:1,0
DA:2,0
DA:3,0
DA:5,0
DA:7,0
DA:8,0
LF:6
LH:0
BRDA:8,0,0,0
BRDA:8,0,1,0
BRDA:8,0,2,0
BRDA:8,1,0,0
BRDA:8,1,1,0
BRF:5
BRH:0
end_of_record
TN:
SF:dist/js/webpack:/node_modules/core-js/internals/shared-key.js
FN:1,(anonymous_1458)
FN:6,(anonymous_1459)
FNF:2
FNH:0
FNDA:0,(anonymous_1458)
FNDA:0,(anonymous_1459)
DA:1,0
DA:2,0
DA:4,0
DA:6,0
DA:7,0
LF:5
LH:0
BRDA:7,0,0,0
BRDA:7,0,1,0
BRF:2
BRH:0
end_of_record
TN:
SF:dist/js/webpack:/node_modules/core-js/internals/shared-store.js
FN:1,(anonymous_1315)
FNF:1
FNH:0
FNDA:0,(anonymous_1315)
DA:1,0
DA:2,0
DA:4,0
DA:5,0
DA:7,0
LF:5
LH:0
BRDA:5,0,0,0
BRDA:5,0,1,0
BRF:2
BRH:0
end_of_record
TN:
SF:dist/js/webpack:/node_modules/core-js/internals/shared.js
FN:1,(anonymous_803)
FN:4,(anonymous_804)
FNF:2
FNH:0
FNDA:0,(anonymous_803)
FNDA:0,(anonymous_804)
DA:1,0
DA:2,0
DA:5,0
LF:3
LH:0
BRDA:5,0,0,0
BRDA:5,0,1,0
BRDA:5,1,0,0
BRDA:5,1,1,0
BRDA:8,2,0,0
BRDA:8,2,1,0
BRF:6
BRH:0
end_of_record
TN:
SF:dist/js/webpack:/node_modules/core-js/internals/species-constructor.js
FN:1,(anonymous_768)
FN:9,(anonymous_769)
FNF:2
FNH:0
FNDA:0,(anonymous_768)
FNDA:0,(anonymous_769)
DA:1,0
DA:2,0
DA:3,0
DA:5,0
DA:9,0
DA:10,0
DA:12,0
LF:7
LH:0
BRDA:12,0,0,0
BRDA:12,0,1,0
BRDA:12,1,0,0
BRDA:12,1,1,0
BRF:4
BRH:0
end_of_record
TN:
SF:dist/js/webpack:/node_modules/core-js/internals/task.js
FN:1,(anonymous_561)
FN:20,(anonymous_562)
FN:29,(anonymous_563)
FN:30,(anonymous_564)
FN:35,(anonymous_565)
FN:39,(anonymous_566)
FN:46,(anonymous_567)
FN:50,(anonymous_568)
FN:57,(anonymous_569)
FN:62,(anonymous_570)
FN:67,(anonymous_571)
FN:90,(anonymous_572)
FN:91,(anonymous_573)
FN:98,(anonymous_574)
FNF:14
FNH:0
FNDA:0,(anonymous_561)
FNDA:0,(anonymous_562)
FNDA:0,(anonymous_563)
FNDA:0,(anonymous_564)
FNDA:0,(anonymous_565)
FNDA:0,(anonymous_566)
FNDA:0,(anonymous_567)
FNDA:0,(anonymous_568)
FNDA:0,(anonymous_569)
FNDA:0,(anonymous_570)
FNDA:0,(anonymous_571)
FNDA:0,(anonymous_572)
FNDA:0,(anonymous_573)
FNDA:0,(anonymous_574)
DA:1,0
DA:2,0
DA:3,0
DA:4,0
DA:5,0
DA:6,0
DA:7,0
DA:9,0
DA:10,0
DA:11,0
DA:12,0
DA:13,0
DA:14,0
DA:15,0
DA:16,0
DA:17,0
DA:20,0
DA:22,0
DA:23,0
DA:29,0
DA:30,0
DA:31,0
DA:35,0
DA:36,0
DA:39,0
DA:41,0
DA:45,0
DA:47,0
DA:48,0
DA:49,0
DA:50,0
DA:55,0
DA:57,0
DA:63,0
DA:68,0
DA:91,0
DA:92,0
DA:99,0
LF:38
LH:0
BRDA:22,0,0,0
BRDA:22,0,1,0
BRDA:45,1,0,0
BRDA:45,1,1,0
BRDA:45,1,2,0
BRDA:52,2,0,0
BRDA:52,2,1,0
BRDA:62,3,0,0
BRDA:62,3,1,0
BRDA:67,4,0,0
BRDA:67,4,1,0
BRDA:66,5,0,0
BRDA:66,5,1,0
BRDA:73,6,0,0
BRDA:73,6,1,0
BRDA:72,7,0,0
BRDA:72,7,1,0
BRDA:86,8,0,0
BRDA:86,8,1,0
BRDA:80,9,0,0
BRDA:80,9,1,0
BRDA:80,9,2,0
BRDA:80,9,3,0
BRDA:80,9,4,0
BRDA:80,9,5,0
BRDA:90,10,0,0
BRDA:90,10,1,0
BRF:27
BRH:0
end_of_record
TN:
SF:dist/js/webpack:/node_modules/core-js/internals/to-absolute-index.js
FN:1,(anonymous_68)
FN:9,(anonymous_69)
FNF:2
FNH:0
FNDA:0,(anonymous_68)
FNDA:0,(anonymous_69)
DA:1,0
DA:3,0
DA:4,0
DA:9,0
DA:10,0
DA:11,0
LF:6
LH:0
BRDA:11,0,0,0
BRDA:11,0,1,0
BRF:2
BRH:0
end_of_record
TN:
SF:dist/js/webpack:/node_modules/core-js/internals/to-indexed-object.js
FN:2,(anonymous_1460)
FN:5,(anonymous_1461)
FNF:2
FNH:0
FNDA:0,(anonymous_1460)
FNDA:0,(anonymous_1461)
DA:2,0
DA:3,0
DA:5,0
DA:6,0
LF:4
LH:0
BRF:0
BRH:0
end_of_record
TN:
SF:dist/js/webpack:/node_modules/core-js/internals/to-integer.js
FN:1,(anonymous_1236)
FN:6,(anonymous_1237)
FNF:2
FNH:0
FNDA:0,(anonymous_1236)
FNDA:0,(anonymous_1237)
DA:1,0
DA:2,0
DA:6,0
DA:7,0
LF:4
LH:0
BRDA:7,0,0,0
BRDA:7,0,1,0
BRDA:7,1,0,0
BRDA:7,1,1,0
BRF:4
BRH:0
end_of_record
TN:
SF:dist/js/webpack:/node_modules/core-js/internals/to-length.js
FN:1,(anonymous_785)
FN:7,(anonymous_786)
FNF:2
FNH:0
FNDA:0,(anonymous_785)
FNDA:0,(anonymous_786)
DA:1,0
DA:3,0
DA:7,0
DA:8,0
LF:4
LH:0
BRDA:8,0,0,0
BRDA:8,0,1,0
BRF:2
BRH:0
end_of_record
TN:
SF:dist/js/webpack:/node_modules/core-js/internals/to-object.js
FN:1,(anonymous_848)
FN:5,(anonymous_849)
FNF:2
FNH:0
FNDA:0,(anonymous_848)
FNDA:0,(anonymous_849)
DA:1,0
DA:5,0
DA:6,0
LF:3
LH:0
BRF:0
BRH:0
end_of_record
TN:
SF:dist/js/webpack:/node_modules/core-js/internals/to-primitive.js
FN:1,(anonymous_1279)
FN:7,(anonymous_1280)
FNF:2
FNH:0
FNDA:0,(anonymous_1279)
FNDA:0,(anonymous_1280)
DA:1,0
DA:7,0
DA:8,0
DA:10,0
DA:11,0
DA:12,0
DA:13,0
LF:7
LH:0
BRDA:8,0,0,0
BRDA:8,0,1,0
BRDA:10,1,0,0
BRDA:10,1,1,0
BRDA:10,2,0,0
BRDA:10,2,1,0
BRDA:10,2,2,0
BRDA:11,3,0,0
BRDA:11,3,1,0
BRDA:11,4,0,0
BRDA:11,4,1,0
BRDA:12,5,0,0
BRDA:12,5,1,0
BRDA:12,6,0,0
BRDA:12,6,1,0
BRDA:12,6,2,0
BRF:16
BRH:0
end_of_record
TN:
SF:dist/js/webpack:/node_modules/core-js/internals/to-string-tag-support.js
FN:1,(anonymous_0)
FNF:1
FNH:0
FNDA:0,(anonymous_0)
DA:1,0
DA:3,0
DA:4,0
DA:6,0
LF:4
LH:0
BRDA:1,0,0,0
BRDA:1,0,1,0
BRF:2
BRH:0
end_of_record
TN:
SF:dist/js/webpack:/node_modules/core-js/internals/uid.js
FN:1,(anonymous_1133)
FN:4,(anonymous_1134)
FNF:2
FNH:0
FNDA:0,(anonymous_1133)
FNDA:0,(anonymous_1134)
DA:1,0
DA:2,0
DA:4,0
DA:5,0
LF:4
LH:0
BRDA:5,0,0,0
BRDA:5,0,1,0
BRF:2
BRH:0
end_of_record
TN:
SF:dist/js/webpack:/node_modules/core-js/internals/use-symbol-as-uid.js
FN:1,(anonymous_1463)
FNF:1
FNH:0
FNDA:0,(anonymous_1463)
DA:1,0
DA:3,0
LF:2
LH:0
BRDA:3,0,0,0
BRDA:3,0,1,0
BRDA:3,0,2,0
BRF:3
BRH:0
end_of_record
TN:
SF:dist/js/webpack:/node_modules/core-js/internals/well-known-symbol-wrapped.js
FN:1,(anonymous_1392)
FNF:1
FNH:0
FNDA:0,(anonymous_1392)
DA:1,0
DA:3,0
LF:2
LH:0
BRF:0
BRH:0
end_of_record
TN:
SF:dist/js/webpack:/node_modules/core-js/internals/well-known-symbol.js
FN:1,(anonymous_1270)
FN:12,(anonymous_1271)
FNF:2
FNH:0
FNDA:0,(anonymous_1270)
FNDA:0,(anonymous_1271)
DA:1,0
DA:2,0
DA:3,0
DA:4,0
DA:5,0
DA:6,0
DA:8,0
DA:9,0
DA:10,0
DA:12,0
DA:19,0
LF:11
LH:0
BRDA:10,0,0,0
BRDA:10,0,1,0
BRDA:10,1,0,0
BRDA:10,1,1,0
BRDA:10,1,2,0
BRDA:13,2,0,0
BRDA:13,2,1,0
BRDA:13,2,2,0
BRDA:13,2,3,0
BRDA:15,3,0,0
BRDA:15,3,1,0
BRDA:14,4,0,0
BRDA:14,4,1,0
BRF:13
BRH:0
end_of_record
TN:
SF:dist/js/webpack:/node_modules/core-js/modules/es.array.filter.js
FN:2,(anonymous_783)
FN:12,(anonymous_784)
FNF:2
FNH:0
FNDA:0,(anonymous_783)
FNDA:0,(anonymous_784)
DA:2,0
DA:3,0
DA:4,0
DA:6,0
DA:11,0
DA:13,0
LF:6
LH:0
BRDA:13,0,0,0
BRDA:13,0,1,0
BRF:2
BRH:0
end_of_record
TN:
SF:dist/js/webpack:/node_modules/core-js/modules/es.array.iterator.js
FN:2,(anonymous_1384)
FN:22,(anonymous_1385)
FN:31,(anonymous_1386)
FNF:3
FNH:0
FNDA:0,(anonymous_1384)
FNDA:0,(anonymous_1385)
FNDA:0,(anonymous_1386)
DA:2,0
DA:3,0
DA:4,0
DA:5,0
DA:6,0
DA:8,0
DA:9,0
DA:10,0
DA:22,0
DA:23,0
DA:32,0
DA:33,0
DA:34,0
DA:35,0
DA:36,0
LF:15
LH:0
BRDA:37,0,0,0
BRDA:37,0,1,0
BRDA:36,1,0,0
BRDA:36,1,1,0
BRDA:40,2,0,0
BRDA:40,2,1,0
BRDA:41,3,0,0
BRDA:41,3,1,0
BRF:8
BRH:0
end_of_record
TN:
SF:dist/js/webpack:/node_modules/core-js/modules/es.array.map.js
FN:2,(anonymous_1348)
FN:12,(anonymous_1349)
FNF:2
FNH:0
FNDA:0,(anonymous_1348)
FNDA:0,(anonymous_1349)
DA:2,0
DA:3,0
DA:4,0
DA:6,0
DA:11,0
DA:13,0
LF:6
LH:0
BRDA:13,0,0,0
BRDA:13,0,1,0
BRF:2
BRH:0
end_of_record
TN:
SF:dist/js/webpack:/node_modules/core-js/modules/es.array.splice.js
FN:2,(anonymous_1196)
FN:22,(anonymous_1197)
FNF:2
FNH:0
FNDA:0,(anonymous_1196)
FNDA:0,(anonymous_1197)
DA:2,0
DA:3,0
DA:4,0
DA:5,0
DA:6,0
DA:7,0
DA:8,0
DA:9,0
DA:11,0
DA:13,0
DA:14,0
DA:15,0
DA:16,0
DA:21,0
DA:23,0
DA:24,0
DA:25,0
DA:26,0
DA:37,0
DA:38,0
DA:41,0
DA:42,0
DA:46,0
DA:47,0
DA:48,0
DA:53,0
DA:54,0
DA:55,0
DA:56,0
DA:62,0
DA:63,0
DA:66,0
LF:32
LH:0
BRDA:37,0,0,0
BRDA:37,0,1,0
BRDA:29,1,0,0
BRDA:29,1,1,0
BRDA:31,2,0,0
BRDA:31,2,1,0
BRDA:43,3,0,0
BRDA:43,3,1,0
BRDA:46,4,0,0
BRDA:46,4,1,0
BRDA:50,5,0,0
BRDA:50,5,1,0
BRDA:54,6,0,0
BRDA:54,6,1,0
BRDA:58,7,0,0
BRDA:58,7,1,0
BRF:16
BRH:0
end_of_record
TN:
SF:dist/js/webpack:/node_modules/core-js/modules/es.function.name.js
FN:1,(anonymous_1252)
FN:14,(anonymous_1253)
FNF:2
FNH:0
FNDA:0,(anonymous_1252)
FNDA:0,(anonymous_1253)
DA:1,0
DA:2,0
DA:4,0
DA:5,0
DA:6,0
DA:7,0
DA:11,0
DA:15,0
DA:16,0
DA:18,0
LF:10
LH:0
BRDA:11,0,0,0
BRDA:11,0,1,0
BRDA:11,0,2,0
BRF:3
BRH:0
end_of_record
TN:
SF:dist/js/webpack:/node_modules/core-js/modules/es.object.assign.js
FN:1,(anonymous_1325)
FNF:1
FNH:0
FNDA:0,(anonymous_1325)
DA:1,0
DA:2,0
DA:6,0
LF:3
LH:0
BRF:0
BRH:0
end_of_record
TN:
SF:dist/js/webpack:/node_modules/core-js/modules/es.object.get-own-property-descriptor.js
FN:1,(anonymous_1389)
FN:7,(anonymous_1390)
FN:13,(anonymous_1391)
FNF:3
FNH:0
FNDA:0,(anonymous_1389)
FNDA:0,(anonymous_1390)
FNDA:0,(anonymous_1391)
DA:1,0
DA:2,0
DA:3,0
DA:4,0
DA:5,0
DA:7,0
DA:8,0
DA:12,0
DA:14,0
LF:9
LH:0
BRDA:8,0,0,0
BRDA:8,0,1,0
BRF:2
BRH:0
end_of_record
TN:
SF:dist/js/webpack:/node_modules/core-js/modules/es.object.get-own-property-descriptors.js
FN:1,(anonymous_1356)
FN:11,(anonymous_1357)
FNF:2
FNH:0
FNDA:0,(anonymous_1356)
FNDA:0,(anonymous_1357)
DA:1,0
DA:2,0
DA:3,0
DA:4,0
DA:5,0
DA:6,0
DA:10,0
DA:12,0
DA:13,0
DA:14,0
DA:15,0
DA:16,0
DA:18,0
DA:19,0
DA:22,0
LF:15
LH:0
BRDA:19,0,0,0
BRDA:19,0,1,0
BRF:2
BRH:0
end_of_record
TN:
SF:dist/js/webpack:/node_modules/core-js/modules/es.object.keys.js
FN:1,(anonymous_1272)
FN:6,(anonymous_1273)
FN:11,(anonymous_1274)
FNF:3
FNH:0
FNDA:0,(anonymous_1272)
FNDA:0,(anonymous_1273)
FNDA:0,(anonymous_1274)
DA:1,0
DA:2,0
DA:3,0
DA:4,0
DA:6,0
DA:10,0
DA:12,0
LF:7
LH:0
BRF:0
BRH:0
end_of_record
TN:
SF:dist/js/webpack:/node_modules/core-js/modules/es.object.to-string.js
FN:1,(anonymous_1345)
FNF:1
FNH:0
FNDA:0,(anonymous_1345)
DA:1,0
DA:2,0
DA:3,0
DA:7,0
LF:4
LH:0
BRDA:7,0,0,0
BRDA:7,0,1,0
BRF:2
BRH:0
end_of_record
TN:
SF:dist/js/webpack:/node_modules/core-js/modules/es.promise.finally.js
FN:2,(anonymous_1238)
FN:12,(anonymous_1239)
FN:13,(anonymous_1240)
FN:13,(anonymous_1241)
FN:19,(anonymous_1242)
FN:23,(anonymous_1243)
FN:24,(anonymous_1244)
FN:26,(anonymous_1245)
FN:27,(anonymous_1246)
FNF:9
FNH:0
FNDA:0,(anonymous_1238)
FNDA:0,(anonymous_1239)
FNDA:0,(anonymous_1240)
FNDA:0,(anonymous_1241)
FNDA:0,(anonymous_1242)
FNDA:0,(anonymous_1243)
FNDA:0,(anonymous_1244)
FNDA:0,(anonymous_1245)
FNDA:0,(anonymous_1246)
DA:2,0
DA:3,0
DA:4,0
DA:5,0
DA:6,0
DA:7,0
DA:8,0
DA:9,0
DA:12,0
DA:13,0
DA:18,0
DA:20,0
DA:21,0
DA:22,0
DA:24,0
DA:27,0
LF:16
LH:0
BRDA:12,0,0,0
BRDA:12,0,1,0
BRDA:23,1,0,0
BRDA:23,1,1,0
BRDA:26,2,0,0
BRDA:26,2,1,0
BRDA:34,3,0,0
BRDA:34,3,1,0
BRDA:34,3,2,0
BRDA:34,3,3,0
BRF:10
BRH:0
end_of_record
TN:
SF:dist/js/webpack:/node_modules/core-js/modules/es.promise.js
FN:2,(anonymous_1397)
FN:53,(anonymous_1398)
FN:71,(anonymous_1399)
FN:72,(anonymous_1400)
FN:72,(anonymous_1401)
FN:76,(anonymous_1402)
FN:79,(anonymous_1403)
FN:80,(anonymous_1404)
FN:84,(anonymous_1405)
FN:89,(anonymous_1406)
FN:93,(anonymous_1407)
FN:137,(anonymous_1408)
FN:150,(anonymous_1409)
FN:151,(anonymous_1410)
FN:157,(anonymous_1411)
FN:169,(anonymous_1412)
FN:173,(anonymous_1413)
FN:174,(anonymous_1414)
FN:182,(anonymous_1415)
FN:183,(anonymous_1416)
FN:188,(anonymous_1417)
FN:197,(anonymous_1418)
FN:205,(anonymous_1419)
FN:229,(anonymous_1420)
FN:241,(anonymous_1421)
FN:256,(anonymous_1422)
FN:269,(anonymous_1423)
FN:273,(anonymous_1424)
FN:280,(anonymous_1425)
FN:290,(anonymous_1426)
FN:292,(anonymous_1427)
FN:301,(anonymous_1428)
FN:321,(anonymous_1429)
FN:331,(anonymous_1430)
FN:339,(anonymous_1431)
FN:344,(anonymous_1432)
FN:349,(anonymous_1433)
FN:354,(anonymous_1434)
FN:368,(anonymous_1435)
FN:372,(anonymous_1436)
FN:374,(anonymous_1437)
FNF:41
FNH:0
FNDA:0,(anonymous_1397)
FNDA:0,(anonymous_1398)
FNDA:0,(anonymous_1399)
FNDA:0,(anonymous_1400)
FNDA:0,(anonymous_1401)
FNDA:0,(anonymous_1402)
FNDA:0,(anonymous_1403)
FNDA:0,(anonymous_1404)
FNDA:0,(anonymous_1405)
FNDA:0,(anonymous_1406)
FNDA:0,(anonymous_1407)
FNDA:0,(anonymous_1408)
FNDA:0,(anonymous_1409)
FNDA:0,(anonymous_1410)
FNDA:0,(anonymous_1411)
FNDA:0,(anonymous_1412)
FNDA:0,(anonymous_1413)
FNDA:0,(anonymous_1414)
FNDA:0,(anonymous_1415)
FNDA:0,(anonymous_1416)
FNDA:0,(anonymous_1417)
FNDA:0,(anonymous_1418)
FNDA:0,(anonymous_1419)
FNDA:0,(anonymous_1420)
FNDA:0,(anonymous_1421)
FNDA:0,(anonymous_1422)
FNDA:0,(anonymous_1423)
FNDA:0,(anonymous_1424)
FNDA:0,(anonymous_1425)
FNDA:0,(anonymous_1426)
FNDA:0,(anonymous_1427)
FNDA:0,(anonymous_1428)
FNDA:0,(anonymous_1429)
FNDA:0,(anonymous_1430)
FNDA:0,(anonymous_1431)
FNDA:0,(anonymous_1432)
FNDA:0,(anonymous_1433)
FNDA:0,(anonymous_1434)
FNDA:0,(anonymous_1435)
FNDA:0,(anonymous_1436)
FNDA:0,(anonymous_1437)
DA:2,0
DA:3,0
DA:4,0
DA:5,0
DA:6,0
DA:7,0
DA:8,0
DA:9,0
DA:10,0
DA:11,0
DA:12,0
DA:13,0
DA:14,0
DA:15,0
DA:16,0
DA:17,0
DA:18,0
DA:19,0
DA:20,0
DA:21,0
DA:22,0
DA:23,0
DA:24,0
DA:25,0
DA:26,0
DA:27,0
DA:28,0
DA:30,0
DA:31,0
DA:32,0
DA:33,0
DA:34,0
DA:35,0
DA:36,0
DA:37,0
DA:38,0
DA:39,0
DA:40,0
DA:41,0
DA:42,0
DA:43,0
DA:44,0
DA:45,0
DA:46,0
DA:47,0
DA:48,0
DA:49,0
DA:50,0
DA:53,0
DA:54,0
DA:55,0
DA:59,0
DA:61,0
DA:64,0
DA:68,0
DA:70,0
DA:71,0
DA:72,0
DA:74,0
DA:76,0
DA:79,0
DA:80,0
DA:84,0
DA:86,0
DA:89,0
DA:90,0
DA:91,0
DA:92,0
DA:93,0
DA:94,0
DA:95,0
DA:96,0
DA:98,0
DA:99,0
DA:100,0
DA:101,0
DA:102,0
DA:103,0
DA:105,0
DA:106,0
DA:127,0
DA:131,0
DA:137,0
DA:139,0
DA:150,0
DA:151,0
DA:152,0
DA:153,0
DA:154,0
DA:156,0
DA:158,0
DA:164,0
DA:169,0
DA:170,0
DA:173,0
DA:174,0
DA:175,0
DA:176,0
DA:182,0
DA:183,0
DA:184,0
DA:188,0
DA:189,0
DA:197,0
DA:198,0
DA:199,0
DA:201,0
DA:202,0
DA:203,0
DA:204,0
DA:206,0
DA:207,0
DA:208,0
DA:213,0
DA:222,0
DA:227,0
DA:230,0
DA:233,0
DA:234,0
DA:235,0
DA:237,0
DA:242,0
DA:257,0
DA:258,0
DA:265,0
DA:270,0
DA:274,0
DA:275,0
DA:276,0
DA:281,0
DA:291,0
DA:292,0
DA:293,0
DA:302,0
DA:322,0
DA:324,0
DA:332,0
DA:340,0
DA:341,0
DA:342,0
DA:343,0
DA:344,0
DA:345,0
DA:346,0
DA:347,0
DA:348,0
DA:349,0
DA:350,0
DA:351,0
DA:352,0
DA:355,0
DA:364,0
DA:369,0
DA:370,0
DA:371,0
DA:372,0
DA:373,0
DA:374,0
DA:375,0
DA:379,0
LF:160
LH:0
BRDA:42,0,0,0
BRDA:42,0,1,0
BRDA:42,0,2,0
BRDA:55,1,0,0
BRDA:55,1,1,0
BRDA:59,2,0,0
BRDA:59,2,1,0
BRDA:61,3,0,0
BRDA:61,3,1,0
BRDA:61,4,0,0
BRDA:61,4,1,0
BRDA:64,5,0,0
BRDA:64,5,1,0
BRDA:64,6,0,0
BRDA:64,6,1,0
BRDA:68,7,0,0
BRDA:68,7,1,0
BRDA:68,8,0,0
BRDA:68,8,1,0
BRDA:79,9,0,0
BRDA:79,9,1,0
BRDA:86,10,0,0
BRDA:86,10,1,0
BRDA:86,11,0,0
BRDA:86,11,1,0
BRDA:90,12,0,0
BRDA:90,12,1,0
BRDA:100,13,0,0
BRDA:100,13,1,0
BRDA:107,14,0,0
BRDA:107,14,1,0
BRDA:107,15,0,0
BRDA:107,15,1,0
BRDA:108,16,0,0
BRDA:108,16,1,0
BRDA:111,17,0,0
BRDA:111,17,1,0
BRDA:113,18,0,0
BRDA:113,18,1,0
BRDA:115,19,0,0
BRDA:115,19,1,0
BRDA:121,20,0,0
BRDA:121,20,1,0
BRDA:123,21,0,0
BRDA:123,21,1,0
BRDA:127,22,0,0
BRDA:127,22,1,0
BRDA:127,22,2,0
BRDA:133,23,0,0
BRDA:133,23,1,0
BRDA:133,23,2,0
BRDA:140,24,0,0
BRDA:140,24,1,0
BRDA:146,25,0,0
BRDA:146,25,1,0
BRDA:145,26,0,0
BRDA:145,26,1,0
BRDA:147,27,0,0
BRDA:147,27,1,0
BRDA:156,28,0,0
BRDA:156,28,1,0
BRDA:156,29,0,0
BRDA:156,29,1,0
BRDA:159,30,0,0
BRDA:159,30,1,0
BRDA:163,31,0,0
BRDA:163,31,1,0
BRDA:163,32,0,0
BRDA:163,32,1,0
BRDA:170,33,0,0
BRDA:170,33,1,0
BRDA:177,34,0,0
BRDA:177,34,1,0
BRDA:189,35,0,0
BRDA:189,35,1,0
BRDA:191,36,0,0
BRDA:191,36,1,0
BRDA:198,37,0,0
BRDA:198,37,1,0
BRDA:200,38,0,0
BRDA:200,38,1,0
BRDA:202,39,0,0
BRDA:202,39,1,0
BRDA:205,40,0,0
BRDA:205,40,1,0
BRDA:227,41,0,0
BRDA:227,41,1,0
BRDA:259,42,0,0
BRDA:259,42,1,0
BRDA:260,43,0,0
BRDA:260,43,1,0
BRDA:261,44,0,0
BRDA:261,44,1,0
BRDA:264,45,0,0
BRDA:264,45,1,0
BRDA:282,46,0,0
BRDA:282,46,1,0
BRDA:281,47,0,0
BRDA:281,47,1,0
BRDA:286,48,0,0
BRDA:286,48,1,0
BRDA:286,48,2,0
BRDA:299,49,0,0
BRDA:299,49,1,0
BRDA:328,50,0,0
BRDA:328,50,1,0
BRDA:332,51,0,0
BRDA:332,51,1,0
BRDA:332,52,0,0
BRDA:332,52,1,0
BRDA:355,53,0,0
BRDA:355,53,1,0
BRDA:357,54,0,0
BRDA:357,54,1,0
BRDA:359,55,0,0
BRDA:359,55,1,0
BRDA:363,56,0,0
BRDA:363,56,1,0
BRDA:378,57,0,0
BRDA:378,57,1,0
BRF:120
BRH:0
end_of_record
TN:
SF:dist/js/webpack:/node_modules/core-js/modules/es.symbol.js
FN:2,(anonymous_1199)
FN:62,(anonymous_1200)
FN:64,(anonymous_1201)
FN:66,(anonymous_1202)
FN:75,(anonymous_1203)
FN:86,(anonymous_1204)
FN:88,(anonymous_1205)
FN:92,(anonymous_1206)
FN:108,(anonymous_1207)
FN:112,(anonymous_1208)
FN:118,(anonymous_1209)
FN:122,(anonymous_1210)
FN:129,(anonymous_1211)
FN:140,(anonymous_1212)
FN:143,(anonymous_1213)
FN:149,(anonymous_1214)
FN:153,(anonymous_1215)
FN:164,(anonymous_1216)
FN:168,(anonymous_1217)
FN:177,(anonymous_1218)
FN:181,(anonymous_1219)
FN:191,(anonymous_1220)
FN:199,(anonymous_1221)
FN:213,(anonymous_1222)
FN:220,(anonymous_1223)
FN:230,(anonymous_1224)
FN:234,(anonymous_1225)
FN:235,(anonymous_1226)
FN:264,(anonymous_1227)
FN:265,(anonymous_1228)
FN:273,(anonymous_1229)
FN:285,(anonymous_1230)
FN:292,(anonymous_1231)
FNF:33
FNH:0
FNDA:0,(anonymous_1199)
FNDA:0,(anonymous_1200)
FNDA:0,(anonymous_1201)
FNDA:0,(anonymous_1202)
FNDA:0,(anonymous_1203)
FNDA:0,(anonymous_1204)
FNDA:0,(anonymous_1205)
FNDA:0,(anonymous_1206)
FNDA:0,(anonymous_1207)
FNDA:0,(anonymous_1208)
FNDA:0,(anonymous_1209)
FNDA:0,(anonymous_1210)
FNDA:0,(anonymous_1211)
FNDA:0,(anonymous_1212)
FNDA:0,(anonymous_1213)
FNDA:0,(anonymous_1214)
FNDA:0,(anonymous_1215)
FNDA:0,(anonymous_1216)
FNDA:0,(anonymous_1217)
FNDA:0,(anonymous_1218)
FNDA:0,(anonymous_1219)
FNDA:0,(anonymous_1220)
FNDA:0,(anonymous_1221)
FNDA:0,(anonymous_1222)
FNDA:0,(anonymous_1223)
FNDA:0,(anonymous_1224)
FNDA:0,(anonymous_1225)
FNDA:0,(anonymous_1226)
FNDA:0,(anonymous_1227)
FNDA:0,(anonymous_1228)
FNDA:0,(anonymous_1229)
FNDA:0,(anonymous_1230)
FNDA:0,(anonymous_1231)
DA:2,0
DA:3,0
DA:4,0
DA:5,0
DA:6,0
DA:7,0
DA:8,0
DA:9,0
DA:10,0
DA:11,0
DA:12,0
DA:13,0
DA:14,0
DA:15,0
DA:16,0
DA:17,0
DA:18,0
DA:19,0
DA:20,0
DA:21,0
DA:22,0
DA:23,0
DA:24,0
DA:25,0
DA:26,0
DA:27,0
DA:28,0
DA:29,0
DA:30,0
DA:31,0
DA:32,0
DA:33,0
DA:34,0
DA:35,0
DA:36,0
DA:37,0
DA:39,0
DA:40,0
DA:41,0
DA:42,0
DA:43,0
DA:44,0
DA:45,0
DA:46,0
DA:47,0
DA:48,0
DA:49,0
DA:50,0
DA:51,0
DA:52,0
DA:53,0
DA:54,0
DA:55,0
DA:56,0
DA:57,0
DA:59,0
DA:62,0
DA:63,0
DA:64,0
DA:67,0
DA:68,0
DA:75,0
DA:76,0
DA:83,0
DA:86,0
DA:87,0
DA:89,0
DA:92,0
DA:93,0
DA:95,0
DA:97,0
DA:108,0
DA:109,0
DA:110,0
DA:111,0
DA:113,0
DA:115,0
DA:118,0
DA:119,0
DA:122,0
DA:123,0
DA:124,0
DA:125,0
DA:129,0
DA:130,0
DA:131,0
DA:132,0
DA:133,0
DA:137,0
DA:140,0
DA:141,0
DA:142,0
DA:144,0
DA:146,0
DA:149,0
DA:150,0
DA:151,0
DA:152,0
DA:153,0
DA:158,0
DA:165,0
DA:166,0
DA:167,0
DA:168,0
DA:169,0
DA:174,0
DA:178,0
DA:182,0
DA:192,0
DA:200,0
DA:214,0
DA:221,0
DA:222,0
DA:223,0
DA:226,0
DA:231,0
DA:232,0
DA:234,0
DA:235,0
DA:264,0
DA:266,0
DA:272,0
DA:273,0
DA:274,0
DA:276,0
DA:283,0
DA:286,0
DA:287,0
DA:289,0
DA:291,0
DA:294,0
DA:297,0
DA:304,0
LF:133
LH:0
BRDA:59,0,0,0
BRDA:59,0,1,0
BRDA:59,0,2,0
BRDA:66,1,0,0
BRDA:66,1,1,0
BRDA:62,2,0,0
BRDA:62,2,1,0
BRDA:68,3,0,0
BRDA:68,3,1,0
BRDA:70,4,0,0
BRDA:70,4,1,0
BRDA:70,4,2,0
BRDA:82,5,0,0
BRDA:82,5,1,0
BRDA:86,6,0,0
BRDA:86,6,1,0
BRDA:93,7,0,0
BRDA:93,7,1,0
BRDA:98,8,0,0
BRDA:98,8,1,0
BRDA:102,9,0,0
BRDA:102,9,1,0
BRDA:102,10,0,0
BRDA:102,10,1,0
BRDA:102,10,2,0
BRDA:99,11,0,0
BRDA:99,11,1,0
BRDA:113,12,0,0
BRDA:113,12,1,0
BRDA:113,12,2,0
BRDA:119,13,0,0
BRDA:119,13,1,0
BRDA:125,14,0,0
BRDA:125,14,1,0
BRDA:125,14,2,0
BRDA:125,15,0,0
BRDA:125,15,1,0
BRDA:125,15,2,0
BRDA:126,16,0,0
BRDA:126,16,1,0
BRDA:126,16,2,0
BRDA:126,16,3,0
BRDA:126,16,4,0
BRDA:132,17,0,0
BRDA:132,17,1,0
BRDA:132,18,0,0
BRDA:132,18,1,0
BRDA:132,18,2,0
BRDA:137,19,0,0
BRDA:137,19,1,0
BRDA:137,19,2,0
BRDA:137,19,3,0
BRDA:137,19,4,0
BRDA:144,20,0,0
BRDA:144,20,1,0
BRDA:144,20,2,0
BRDA:151,21,0,0
BRDA:151,21,1,0
BRDA:153,22,0,0
BRDA:153,22,1,0
BRDA:153,22,2,0
BRDA:153,22,3,0
BRDA:272,23,0,0
BRDA:272,23,1,0
BRDA:163,24,0,0
BRDA:163,24,1,0
BRDA:165,25,0,0
BRDA:165,25,1,0
BRDA:166,26,0,0
BRDA:166,26,1,0
BRDA:166,27,0,0
BRDA:166,27,1,0
BRDA:169,28,0,0
BRDA:169,28,1,0
BRDA:170,29,0,0
BRDA:170,29,1,0
BRDA:170,29,2,0
BRDA:173,30,0,0
BRDA:173,30,1,0
BRDA:173,30,2,0
BRDA:195,31,0,0
BRDA:195,31,1,0
BRDA:203,32,0,0
BRDA:203,32,1,0
BRDA:222,33,0,0
BRDA:222,33,1,0
BRDA:231,34,0,0
BRDA:231,34,1,0
BRDA:232,35,0,0
BRDA:232,35,1,0
BRDA:273,36,0,0
BRDA:273,36,1,0
BRDA:276,37,0,0
BRDA:276,37,1,0
BRDA:276,37,2,0
BRDA:291,38,0,0
BRDA:291,38,1,0
BRDA:291,39,0,0
BRDA:291,39,1,0
BRDA:291,39,2,0
BRDA:292,40,0,0
BRDA:292,40,1,0
BRDA:294,41,0,0
BRDA:294,41,1,0
BRDA:293,42,0,0
BRDA:293,42,1,0
BRDA:304,43,0,0
BRDA:304,43,1,0
BRF:108
BRH:0
end_of_record
TN:
SF:dist/js/webpack:/node_modules/core-js/modules/web.dom-collections.for-each.js
FN:1,(anonymous_29)
FNF:1
FNH:0
FNDA:0,(anonymous_29)
DA:1,0
DA:2,0
DA:3,0
DA:4,0
DA:6,0
DA:7,0
DA:8,0
DA:10,0
DA:11,0
DA:13,0
LF:10
LH:0
BRDA:8,0,0,0
BRDA:8,0,1,0
BRDA:10,1,0,0
BRDA:10,1,1,0
BRDA:10,2,0,0
BRDA:10,2,1,0
BRF:6
BRH:0
end_of_record
TN:
SF:dist/js/webpack:/node_modules/node-libs-browser/mock/process.js
FN:1,(anonymous_751)
FN:1,(anonymous_752)
FN:4,(anonymous_753)
FN:16,(anonymous_754)
FN:20,(anonymous_755)
FN:23,(anonymous_756)
FN:24,(anonymous_757)
FN:33,(anonymous_758)
FNF:8
FNH:0
FNDA:0,(anonymous_751)
FNDA:0,(anonymous_752)
FNDA:0,(anonymous_753)
FNDA:0,(anonymous_754)
FNDA:0,(anonymous_755)
FNDA:0,(anonymous_756)
FNDA:0,(anonymous_757)
FNDA:0,(anonymous_758)
DA:1,0
DA:2,0
DA:3,0
DA:5,0
DA:17,0
DA:21,0
DA:23,0
DA:25,0
LF:8
LH:0
BRDA:25,0,0,0
BRDA:25,0,1,0
BRF:2
BRH:0
end_of_record
TN:
SF:dist/js/webpack:/node_modules/path-browserify/index.js
FN:1,(anonymous_1361)
FN:29,n
FN:199,r
FN:286,o
FN:57,(anonymous_1365)
FN:79,(anonymous_1366)
FN:88,(anonymous_1367)
FN:93,(anonymous_1368)
FN:108,(anonymous_1369)
FN:113,(anonymous_1370)
FN:115,(anonymous_1371)
FN:126,(anonymous_1372)
FN:130,r
FN:170,(anonymous_1374)
FN:229,(anonymous_1375)
FN:237,(anonymous_1376)
FN:297,(anonymous_1377)
FN:298,(anonymous_1378)
FNF:18
FNH:0
FNDA:0,(anonymous_1361)
FNDA:0,n
FNDA:0,r
FNDA:0,o
FNDA:0,(anonymous_1365)
FNDA:0,(anonymous_1366)
FNDA:0,(anonymous_1367)
FNDA:0,(anonymous_1368)
FNDA:0,(anonymous_1369)
FNDA:0,(anonymous_1370)
FNDA:0,(anonymous_1371)
FNDA:0,(anonymous_1372)
FNDA:0,r
FNDA:0,(anonymous_1374)
FNDA:0,(anonymous_1375)
FNDA:0,(anonymous_1376)
FNDA:0,(anonymous_1377)
FNDA:0,(anonymous_1378)
DA:31,0
DA:32,0
DA:33,0
DA:34,0
DA:46,0
DA:47,0
DA:48,0
DA:52,0
DA:57,0
DA:58,0
DA:59,0
DA:61,0
DA:62,0
DA:65,0
DA:66,0
DA:67,0
DA:80,0
DA:83,0
DA:89,0
DA:90,0
DA:94,0
DA:104,0
DA:109,0
DA:114,0
DA:115,0
DA:116,0
DA:117,0
DA:119,0
DA:127,0
DA:131,0
DA:132,0
DA:133,0
DA:136,0
DA:137,0
DA:138,0
DA:141,0
DA:145,0
DA:146,0
DA:148,0
DA:149,0
DA:150,0
DA:151,0
DA:152,0
DA:153,0
DA:157,0
DA:158,0
DA:159,0
DA:164,0
DA:172,0
DA:173,0
DA:174,0
DA:175,0
DA:176,0
DA:177,0
DA:179,0
DA:180,0
DA:181,0
DA:182,0
DA:186,0
DA:190,0
DA:200,0
DA:202,0
DA:203,0
DA:204,0
DA:207,0
DA:208,0
DA:211,0
DA:212,0
DA:213,0
DA:223,0
DA:230,0
DA:234,0
DA:238,0
DA:239,0
DA:240,0
DA:241,0
DA:242,0
DA:245,0
DA:246,0
DA:247,0
DA:248,0
DA:251,0
DA:252,0
DA:253,0
DA:276,0
DA:287,0
DA:288,0
DA:289,0
DA:290,0
DA:292,0
DA:296,0
DA:297,0
DA:300,0
LF:93
LH:0
BRDA:35,0,0,0
BRDA:35,0,1,0
BRDA:37,1,0,0
BRDA:37,1,1,0
BRDA:39,2,0,0
BRDA:39,2,1,0
BRDA:46,3,0,0
BRDA:46,3,1,0
BRDA:200,4,0,0
BRDA:200,4,1,0
BRDA:208,5,0,0
BRDA:208,5,1,0
BRDA:211,6,0,0
BRDA:211,6,1,0
BRDA:213,7,0,0
BRDA:213,7,1,0
BRDA:223,8,0,0
BRDA:223,8,1,0
BRDA:287,9,0,0
BRDA:287,9,1,0
BRDA:290,10,0,0
BRDA:290,10,1,0
BRDA:61,11,0,0
BRDA:61,11,1,0
BRDA:62,12,0,0
BRDA:62,12,1,0
BRDA:65,13,0,0
BRDA:65,13,1,0
BRDA:67,14,0,0
BRDA:67,14,1,0
BRDA:81,15,0,0
BRDA:81,15,1,0
BRDA:83,16,0,0
BRDA:83,16,1,0
BRDA:97,17,0,0
BRDA:97,17,1,0
BRDA:97,17,2,0
BRDA:100,18,0,0
BRDA:100,18,1,0
BRDA:100,18,2,0
BRDA:104,19,0,0
BRDA:104,19,1,0
BRDA:116,20,0,0
BRDA:116,20,1,0
BRDA:133,21,0,0
BRDA:133,21,1,0
BRDA:138,22,0,0
BRDA:138,22,1,0
BRDA:141,23,0,0
BRDA:141,23,1,0
BRDA:151,24,0,0
BRDA:151,24,1,0
BRDA:172,25,0,0
BRDA:172,25,1,0
BRDA:171,26,0,0
BRDA:171,26,1,0
BRDA:179,27,0,0
BRDA:179,27,1,0
BRDA:180,28,0,0
BRDA:180,28,1,0
BRDA:190,29,0,0
BRDA:190,29,1,0
BRDA:190,30,0,0
BRDA:190,30,1,0
BRDA:194,31,0,0
BRDA:194,31,1,0
BRDA:191,32,0,0
BRDA:191,32,1,0
BRDA:231,33,0,0
BRDA:231,33,1,0
BRDA:231,33,2,0
BRDA:238,34,0,0
BRDA:238,34,1,0
BRDA:248,35,0,0
BRDA:248,35,1,0
BRDA:248,36,0,0
BRDA:248,36,1,0
BRDA:263,37,0,0
BRDA:263,37,1,0
BRDA:266,38,0,0
BRDA:266,38,1,0
BRDA:267,39,0,0
BRDA:267,39,1,0
BRDA:268,40,0,0
BRDA:268,40,1,0
BRDA:251,41,0,0
BRDA:251,41,1,0
BRDA:281,42,0,0
BRDA:281,42,1,0
BRDA:276,43,0,0
BRDA:276,43,1,0
BRDA:276,43,2,0
BRDA:276,43,3,0
BRDA:276,43,4,0
BRDA:276,43,5,0
BRDA:297,44,0,0
BRDA:297,44,1,0
BRDA:299,45,0,0
BRDA:299,45,1,0
BRF:99
BRH:0
end_of_record
TN:
SF:dist/js/webpack:/node_modules/regenerator-runtime/runtime.js
FN:8,(anonymous_1141)
FN:8,(anonymous_1142)
FN:19,s
FN:32,(anonymous_1144)
FN:37,u
FN:61,f
FN:82,y
FN:83,m
FN:84,g
FN:89,(anonymous_1150)
FN:115,O
FN:116,(anonymous_1152)
[...]
BRDA:100,12,0,0
BRDA:100,12,1,0
BRDA:104,13,0,0
BRDA:104,13,1,0
BRDA:127,14,0,0
BRDA:127,14,1,0
BRDA:131,15,0,0
BRDA:131,15,1,0
BRDA:154,16,0,0
BRDA:154,16,1,0
BRDA:154,17,0,0
BRDA:154,17,1,0
BRDA:181,18,0,0
BRDA:181,18,1,0
BRDA:184,19,0,0
BRDA:184,19,1,0
BRDA:187,20,0,0
BRDA:187,20,1,0
BRDA:197,21,0,0
BRDA:197,21,1,0
BRDA:203,22,0,0
BRDA:203,22,1,0
BRDA:209,23,0,0
BRDA:209,23,1,0
BRDA:305,24,0,0
BRDA:305,24,1,0
BRDA:307,25,0,0
BRDA:307,25,1,0
BRDA:231,26,0,0
BRDA:231,26,1,0
BRDA:240,27,0,0
BRDA:240,27,1,0
BRDA:248,28,0,0
BRDA:248,28,1,0
BRDA:256,29,0,0
BRDA:256,29,1,0
BRDA:268,30,0,0
BRDA:268,30,1,0
BRDA:268,30,2,0
BRDA:289,31,0,0
BRDA:289,31,1,0
BRDA:369,32,0,0
BRDA:369,32,1,0
BRDA:370,33,0,0
BRDA:370,33,1,0
BRDA:370,33,2,0
BRDA:370,33,3,0
BRDA:385,34,0,0
BRDA:385,34,1,0
BRDA:386,35,0,0
BRDA:386,35,1,0
BRDA:429,36,0,0
BRDA:429,36,1,0
BRDA:430,37,0,0
BRDA:430,37,1,0
BRDA:631,38,0,0
BRDA:631,38,1,0
BRDA:633,39,0,0
BRDA:633,39,1,0
BRDA:632,40,0,0
BRDA:632,40,1,0
BRDA:638,41,0,0
BRDA:638,41,1,0
BRDA:690,42,0,0
BRDA:690,42,1,0
BRDA:694,43,0,0
BRDA:694,43,1,0
BRDA:695,44,0,0
BRDA:695,44,1,0
BRDA:719,45,0,0
BRDA:719,45,1,0
BRDA:711,46,0,0
BRDA:711,46,1,0
BRDA:715,47,0,0
BRDA:715,47,1,0
BRDA:742,48,0,0
BRDA:742,48,1,0
BRDA:743,49,0,0
BRDA:743,49,1,0
BRDA:765,50,0,0
BRDA:765,50,1,0
BRDA:771,51,0,0
BRDA:771,51,1,0
BRDA:771,51,2,0
BRDA:782,52,0,0
BRDA:782,52,1,0
BRDA:788,53,0,0
BRDA:788,53,1,0
BRDA:788,53,2,0
BRDA:805,54,0,0
BRDA:805,54,1,0
BRDA:817,55,0,0
BRDA:817,55,1,0
BRDA:822,56,0,0
BRDA:822,56,1,0
BRDA:842,57,0,0
BRDA:842,57,1,0
BRDA:849,58,0,0
BRDA:849,58,1,0
BRDA:859,59,0,0
BRDA:859,59,1,0
BRDA:863,60,0,0
BRDA:863,60,1,0
BRDA:874,61,0,0
BRDA:874,61,1,0
BRDA:903,62,0,0
BRDA:903,62,1,0
BRDA:903,62,2,0
BRDA:917,63,0,0
BRDA:917,63,1,0
BRDA:917,63,2,0
BRDA:458,64,0,0
BRDA:458,64,1,0
BRDA:495,65,0,0
BRDA:495,65,1,0
BRDA:515,66,0,0
BRDA:515,66,1,0
BRDA:552,67,0,0
BRDA:552,67,1,0
BRDA:573,68,0,0
BRDA:573,68,1,0
BRDA:576,69,0,0
BRDA:576,69,1,0
BRDA:592,70,0,0
BRDA:592,70,1,0
BRDA:607,71,0,0
BRDA:607,71,1,0
BRDA:947,72,0,0
BRDA:947,72,1,0
BRDA:949,73,0,0
BRDA:949,73,1,0
BRDA:956,74,0,0
BRDA:956,74,1,0
BRDA:986,75,0,0
BRDA:986,75,1,0
BRDA:988,76,0,0
BRDA:988,76,1,0
BRDA:994,77,0,0
BRDA:994,77,1,0
BRDA:1019,78,0,0
BRDA:1019,78,1,0
BRDA:1019,79,0,0
BRDA:1019,79,1,0
BRDA:1055,80,0,0
BRDA:1055,80,1,0
BRDA:1057,81,0,0
BRDA:1057,81,1,0
BRDA:1063,82,0,0
BRDA:1063,82,1,0
BRDA:1093,83,0,0
BRDA:1093,83,1,0
BRDA:1094,84,0,0
BRDA:1094,84,1,0
BRDA:1104,85,0,0
BRDA:1104,85,1,0
BRDA:1115,86,0,0
BRDA:1115,86,1,0
BRDA:1117,87,0,0
BRDA:1117,87,1,0
BRDA:1141,88,0,0
BRDA:1141,88,1,0
BRDA:1143,89,0,0
BRDA:1143,89,1,0
BRDA:1144,90,0,0
BRDA:1144,90,1,0
BRDA:1145,91,0,0
BRDA:1145,91,1,0
BRDA:1146,92,0,0
BRDA:1146,92,1,0
BRDA:1147,93,0,0
BRDA:1147,93,1,0
BRDA:1148,94,0,0
BRDA:1148,94,1,0
BRDA:1149,95,0,0
BRDA:1149,95,1,0
BRDA:1150,96,0,0
BRDA:1150,96,1,0
BRDA:1153,97,0,0
BRDA:1153,97,1,0
BRDA:1156,98,0,0
BRDA:1156,98,1,0
BRDA:1160,99,0,0
BRDA:1160,99,1,0
BRDA:1164,100,0,0
BRDA:1164,100,1,0
BRDA:1180,101,0,0
BRDA:1180,101,1,0
BRDA:1182,102,0,0
BRDA:1182,102,1,0
BRDA:1198,103,0,0
BRDA:1198,103,1,0
BRF:216
BRH:0
end_of_record
TN:
SF:dist/js/webpack:/src/App.vue
FNF:0
FNH:0
DA:15,0
LF:1
LH:0
BRF:0
BRH:0
end_of_record
TN:
SF:dist/js/webpack:/src/App.vue?1160
FNF:0
FNH:0
DA:1,0
LF:1
LH:0
BRF:0
BRH:0
end_of_record
TN:
SF:dist/js/webpack:/src/App.vue?7e02
FN:1,(anonymous_12)
FNF:1
FNH:0
FNDA:0,(anonymous_12)
DA:1,0
LF:1
LH:0
BRF:0
BRH:0
end_of_record
TN:
SF:dist/js/webpack:/src/App.vue?e536
FN:1,(anonymous_23)
FN:1,(anonymous_25)
FNF:2
FNH:0
FNDA:0,(anonymous_23)
FNDA:0,(anonymous_25)
DA:1,0
DA:2,0
LF:2
LH:0
BRDA:1,0,0,0
BRDA:1,0,1,0
BRF:2
BRH:0
end_of_record
TN:
SF:dist/js/webpack:/src/main.js
FN:9,(anonymous_92)
FNF:1
FNH:0
FNDA:0,(anonymous_92)
DA:6,0
DA:9,0
LF:2
LH:0
BRF:0
BRH:0
end_of_record
TN:
SF:dist/js/webpack:/src/assets/chat-regular.svg
FN:1,(anonymous_104)
FNF:1
FNH:0
FNDA:0,(anonymous_104)
DA:1,0
LF:1
LH:0
BRF:0
BRH:0
end_of_record
TN:
SF:dist/js/webpack:/src/assets/chevron-down-solid.svg
FN:1,(anonymous_93)
FNF:1
FNH:0
FNDA:0,(anonymous_93)
DA:1,0
LF:1
LH:0
BRF:0
BRH:0
end_of_record
TN:
SF:dist/js/webpack:/src/assets/chevron-left-solid.svg
FN:1,(anonymous_14)
FNF:1
FNH:0
FNDA:0,(anonymous_14)
DA:1,0
LF:1
LH:0
BRF:0
BRH:0
end_of_record
TN:
SF:dist/js/webpack:/src/assets/email-regular.svg
FN:1,(anonymous_101)
FNF:1
FNH:0
FNDA:0,(anonymous_101)
DA:1,0
LF:1
LH:0
BRF:0
BRH:0
end_of_record
TN:
SF:dist/js/webpack:/src/assets/icon-info-white.svg
FN:1,(anonymous_99)
FNF:1
FNH:0
FNDA:0,(anonymous_99)
DA:1,0
LF:1
LH:0
BRF:0
BRH:0
end_of_record
TN:
SF:dist/js/webpack:/src/assets/icon-info.svg
FN:1,(anonymous_103)
FNF:1
FNH:0
FNDA:0,(anonymous_103)
DA:1,0
LF:1
LH:0
BRF:0
BRH:0
end_of_record
TN:
SF:dist/js/webpack:/src/assets/logo-querobolsa.svg
FN:1,(anonymous_97)
FNF:1
FNH:0
FNDA:0,(anonymous_97)
DA:1,0
LF:1
LH:0
BRF:0
BRH:0
end_of_record
TN:
SF:dist/js/webpack:/src/assets/plus-circle.svg
FN:1,(anonymous_102)
FNF:1
FNH:0
FNDA:0,(anonymous_102)
DA:1,0
LF:1
LH:0
BRF:0
BRH:0
end_of_record
TN:
SF:dist/js/webpack:/src/assets/star-rating.png
FN:1,(anonymous_19)
FNF:1
FNH:0
FNDA:0,(anonymous_19)
DA:1,0
LF:1
LH:0
BRF:0
BRH:0
end_of_record
TN:
SF:dist/js/webpack:/src/assets/user-circle-regular.svg
FN:1,(anonymous_98)
FNF:1
FNH:0
FNDA:0,(anonymous_98)
DA:1,0
LF:1
LH:0
BRF:0
BRH:0
end_of_record
TN:
SF:dist/js/webpack:/src/assets/whatsapp-white.svg
FN:1,(anonymous_94)
FNF:1
FNH:0
FNDA:0,(anonymous_94)
DA:1,0
LF:1
LH:0
BRF:0
BRH:0
end_of_record
TN:
SF:dist/js/webpack:/src/assets/whatsapp.svg
FN:1,(anonymous_18)
FNF:1
FNH:0
FNDA:0,(anonymous_18)
DA:1,0
LF:1
LH:0
BRF:0
BRH:0
end_of_record
TN:
SF:dist/js/webpack:/src/components/AddCourseCard/AddCourseCard.vue
FN:11,(anonymous_76)
FNF:1
FNH:0
FNDA:0,(anonymous_76)
DA:10,0
DA:14,0
LF:2
LH:0
BRF:0
BRH:0
end_of_record
TN:
SF:dist/js/webpack:/src/components/AddCourseCard/AddCourseCard.vue?7cda
FNF:0
FNH:0
DA:1,0
LF:1
LH:0
BRF:0
BRH:0
end_of_record
TN:
SF:dist/js/webpack:/src/components/AddCourseCard/AddCourseCard.vue?f3da
FN:1,(anonymous_75)
FNF:1
FNH:0
FNDA:0,(anonymous_75)
DA:1,0
DA:2,0
LF:2
LH:0
BRDA:1,0,0,0
BRDA:1,0,1,0
BRF:2
BRH:0
end_of_record
TN:
SF:dist/js/webpack:/src/components/AddCourseCard/addCourseCard.css?8a06
FN:1,(anonymous_21)
FNF:1
FNH:0
FNDA:0,(anonymous_21)
DA:1,0
LF:1
LH:0
BRF:0
BRH:0
end_of_record
TN:
SF:dist/js/webpack:/src/components/CardFavoriteScholarships/CardFavoriteScholarships.vue
FN:37,(anonymous_77)
FN:46,(anonymous_79)
FN:51,(anonymous_80)
FN:55,(anonymous_81)
FN:68,(anonymous_82)
FNF:5
FNH:0
FNDA:0,(anonymous_77)
FNDA:0,(anonymous_79)
FNDA:0,(anonymous_80)
FNDA:0,(anonymous_81)
FNDA:0,(anonymous_82)
DA:33,0
DA:40,0
DA:43,0
DA:51,0
DA:52,0
DA:55,0
DA:56,0
DA:59,0
DA:70,0
LF:9
LH:0
BRDA:60,0,0,0
BRDA:60,0,1,0
BRDA:62,1,0,0
BRDA:62,1,1,0
BRF:4
BRH:0
end_of_record
TN:
SF:dist/js/webpack:/src/components/CardFavoriteScholarships/CardFavoriteScholarships.vue?d2bd
FNF:0
FNH:0
DA:1,0
LF:1
LH:0
BRF:0
BRH:0
end_of_record
TN:
SF:dist/js/webpack:/src/components/CardFavoriteScholarships/CardFavoriteScholarships.vue?d4c9
FN:1,(anonymous_72)
FN:1,(anonymous_73)
FN:1,(anonymous_74)
FNF:3
FNH:0
FNDA:0,(anonymous_72)
FNDA:0,(anonymous_73)
FNDA:0,(anonymous_74)
DA:1,0
DA:2,0
LF:2
LH:0
BRDA:1,0,0,0
BRDA:1,0,1,0
BRF:2
BRH:0
end_of_record
TN:
SF:dist/js/webpack:/src/components/CardFavoriteScholarships/cardFavoriteScholarships.css?196e
FN:1,(anonymous_110)
FNF:1
FNH:0
FNDA:0,(anonymous_110)
DA:1,0
LF:1
LH:0
BRF:0
BRH:0
end_of_record
TN:
SF:dist/js/webpack:/src/components/Footer/Footer.vue
FNF:0
FNH:0
DA:46,0
LF:1
LH:0
BRF:0
BRH:0
end_of_record
TN:
SF:dist/js/webpack:/src/components/Footer/Footer.vue?2a42
FN:1,(anonymous_30)
FN:2,(anonymous_31)
FNF:2
FNH:0
FNDA:0,(anonymous_30)
FNDA:0,(anonymous_31)
DA:1,0
DA:2,0
LF:2
LH:0
BRDA:2,0,0,0
BRDA:2,0,1,0
BRF:2
BRH:0
end_of_record
TN:
SF:dist/js/webpack:/src/components/Footer/Footer.vue?65bc
FNF:0
FNH:0
DA:1,0
LF:1
LH:0
BRF:0
BRH:0
end_of_record
TN:
SF:dist/js/webpack:/src/components/Footer/footer.css?8ba0
FN:1,(anonymous_111)
FNF:1
FNH:0
FNDA:0,(anonymous_111)
DA:1,0
LF:1
LH:0
BRF:0
BRH:0
end_of_record
TN:
SF:dist/js/webpack:/src/components/Header/Header.vue
FNF:0
FNH:0
DA:9,0
DA:37,0
LF:2
LH:0
BRF:0
BRH:0
end_of_record
TN:
SF:dist/js/webpack:/src/components/Header/Header.vue?27a4
FN:1,(anonymous_26)
FN:2,(anonymous_27)
FNF:2
FNH:0
FNDA:0,(anonymous_26)
FNDA:0,(anonymous_27)
DA:1,0
DA:2,0
LF:2
LH:0
BRDA:2,0,0,0
BRDA:2,0,1,0
BRF:2
BRH:0
end_of_record
TN:
SF:dist/js/webpack:/src/components/Header/Header.vue?cde9
FNF:0
FNH:0
DA:1,0
LF:1
LH:0
BRF:0
BRH:0
end_of_record
TN:
SF:dist/js/webpack:/src/components/Header/header.css?a936
FN:1,(anonymous_16)
FNF:1
FNH:0
FNDA:0,(anonymous_16)
DA:1,0
LF:1
LH:0
BRF:0
BRH:0
end_of_record
TN:
SF:dist/js/webpack:/src/components/Menu/Menu.vue
FNF:0
FNH:0
DA:16,0
LF:1
LH:0
BRF:0
BRH:0
end_of_record
TN:
SF:dist/js/webpack:/src/components/Menu/Menu.vue?2084
FN:1,(anonymous_28)
FN:2,(anonymous_29)
FNF:2
FNH:0
FNDA:0,(anonymous_28)
FNDA:0,(anonymous_29)
DA:1,0
DA:2,0
LF:2
LH:0
BRDA:2,0,0,0
BRDA:2,0,1,0
BRF:2
BRH:0
end_of_record
TN:
SF:dist/js/webpack:/src/components/Menu/Menu.vue?cf78
FNF:0
FNH:0
DA:1,0
LF:1
LH:0
BRF:0
BRH:0
end_of_record
TN:
SF:dist/js/webpack:/src/components/Menu/menu.css?48fb
FN:1,(anonymous_109)
FNF:1
FNH:0
FNDA:0,(anonymous_109)
DA:1,0
LF:1
LH:0
BRF:0
BRH:0
end_of_record
TN:
SF:dist/js/webpack:/src/components/ModalScholarships/ModalScholarships.vue
FN:75,(anonymous_49)
FN:88,(anonymous_50)
FN:91,(anonymous_51)
FN:95,(anonymous_52)
FN:99,(anonymous_53)
FN:114,(anonymous_54)
FN:122,(anonymous_56)
FN:126,(anonymous_57)
FN:136,(anonymous_59)
FN:139,(anonymous_60)
FN:148,(anonymous_62)
FN:150,(anonymous_63)
FNF:12
FNH:0
FNDA:0,(anonymous_49)
FNDA:0,(anonymous_50)
FNDA:0,(anonymous_51)
FNDA:0,(anonymous_52)
FNDA:0,(anonymous_53)
FNDA:0,(anonymous_54)
FNDA:0,(anonymous_56)
FNDA:0,(anonymous_57)
FNDA:0,(anonymous_59)
FNDA:0,(anonymous_60)
FNDA:0,(anonymous_62)
FNDA:0,(anonymous_63)
DA:75,0
DA:77,0
DA:90,0
DA:91,0
DA:92,0
DA:95,0
DA:96,0
DA:99,0
DA:100,0
DA:102,0
DA:105,0
DA:117,0
DA:120,0
DA:122,0
DA:123,0
DA:126,0
DA:127,0
DA:130,0
DA:134,0
DA:136,0
DA:137,0
DA:139,0
DA:140,0
DA:142,0
DA:145,0
DA:146,0
DA:148,0
DA:151,0
DA:155,0
DA:157,0
DA:162,0
LF:31
LH:0
BRDA:92,0,0,0
BRDA:92,0,1,0
BRDA:96,1,0,0
BRDA:96,1,1,0
BRDA:100,2,0,0
BRDA:100,2,1,0
BRDA:100,2,2,0
BRDA:106,3,0,0
BRDA:106,3,1,0
BRDA:105,4,0,0
BRDA:105,4,1,0
BRDA:108,5,0,0
BRDA:108,5,1,0
BRDA:107,6,0,0
BRDA:107,6,1,0
BRDA:151,7,0,0
BRDA:151,7,1,0
BRF:17
BRH:0
end_of_record
TN:
SF:dist/js/webpack:/src/components/ModalScholarships/ModalScholarships.vue?3b4d
FNF:0
FNH:0
DA:1,0
LF:1
LH:0
BRF:0
BRH:0
end_of_record
TN:
SF:dist/js/webpack:/src/components/ModalScholarships/ModalScholarships.vue?6cb4
FN:1,(anonymous_34)
FN:1,(anonymous_35)
FN:1,(anonymous_36)
FN:1,(anonymous_37)
FN:1,(anonymous_38)
FN:1,(anonymous_39)
FN:1,(anonymous_40)
FN:1,(anonymous_41)
FN:1,(anonymous_42)
FN:1,(anonymous_43)
FN:1,(anonymous_44)
FN:1,(anonymous_45)
FN:1,(anonymous_46)
FN:1,(anonymous_47)
FN:2,(anonymous_48)
FNF:15
FNH:0
FNDA:0,(anonymous_34)
FNDA:0,(anonymous_35)
FNDA:0,(anonymous_36)
FNDA:0,(anonymous_37)
FNDA:0,(anonymous_38)
FNDA:0,(anonymous_39)
FNDA:0,(anonymous_40)
FNDA:0,(anonymous_41)
FNDA:0,(anonymous_42)
FNDA:0,(anonymous_43)
FNDA:0,(anonymous_44)
FNDA:0,(anonymous_45)
FNDA:0,(anonymous_46)
FNDA:0,(anonymous_47)
FNDA:0,(anonymous_48)
DA:1,0
DA:2,0
LF:2
LH:0
BRDA:1,0,0,0
BRDA:1,0,1,0
BRDA:1,1,0,0
BRDA:1,1,1,0
BRDA:1,2,0,0
BRDA:1,2,1,0
BRDA:1,3,0,0
BRDA:1,3,1,0
BRDA:1,4,0,0
BRDA:1,4,1,0
BRDA:1,5,0,0
BRDA:1,5,1,0
BRDA:1,6,0,0
BRDA:1,6,1,0
BRDA:1,7,0,0
BRDA:1,7,1,0
BRDA:1,8,0,0
BRDA:1,8,1,0
BRDA:1,9,0,0
BRDA:1,9,1,0
BRDA:1,10,0,0
BRDA:1,10,1,0
BRDA:1,11,0,0
BRDA:1,11,1,0
BRDA:1,12,0,0
BRDA:1,12,1,0
BRDA:1,13,0,0
BRDA:1,13,1,0
BRDA:1,14,0,0
BRDA:1,14,1,0
BRDA:1,15,0,0
BRDA:1,15,1,0
BRDA:1,16,0,0
BRDA:1,16,1,0
BRDA:1,17,0,0
BRDA:1,17,1,0
BRDA:1,18,0,0
BRDA:1,18,1,0
BRDA:1,19,0,0
BRDA:1,19,1,0
BRDA:2,20,0,0
BRDA:2,20,1,0
BRF:42
BRH:0
end_of_record
TN:
SF:dist/js/webpack:/src/components/ModalScholarships/modalScholarships.css?27ed
FN:1,(anonymous_107)
FNF:1
FNH:0
FNDA:0,(anonymous_107)
DA:1,0
LF:1
LH:0
BRF:0
BRH:0
end_of_record
TN:
SF:dist/js/webpack:/src/components/Semesters/Semesters.vue
FN:13,(anonymous_69)
FN:24,(anonymous_70)
FNF:2
FNH:0
FNDA:0,(anonymous_69)
FNDA:0,(anonymous_70)
DA:13,0
DA:15,0
DA:27,0
DA:43,0
LF:4
LH:0
BRDA:28,0,0,0
BRDA:28,0,1,0
BRDA:32,1,0,0
BRDA:32,1,1,0
BRF:4
BRH:0
end_of_record
TN:
SF:dist/js/webpack:/src/components/Semesters/Semesters.vue?10f8
FNF:0
FNH:0
DA:1,0
LF:1
LH:0
BRF:0
BRH:0
end_of_record
TN:
SF:dist/js/webpack:/src/components/Semesters/Semesters.vue?f458
FN:1,(anonymous_65)
FN:1,(anonymous_66)
FN:1,(anonymous_67)
FN:1,(anonymous_68)
FNF:4
FNH:0
FNDA:0,(anonymous_65)
FNDA:0,(anonymous_66)
FNDA:0,(anonymous_67)
FNDA:0,(anonymous_68)
DA:1,0
DA:2,0
LF:2
LH:0
BRDA:1,0,0,0
BRDA:1,0,1,0
BRF:2
BRH:0
end_of_record
TN:
SF:dist/js/webpack:/src/components/Semesters/semesters.css?b1d2
FN:1,(anonymous_22)
FNF:1
FNH:0
FNDA:0,(anonymous_22)
DA:1,0
LF:1
LH:0
BRF:0
BRH:0
end_of_record
TN:
SF:dist/js/webpack:/src/router/index.js
FNF:0
FNH:0
DA:5,0
DA:7,0
DA:15,0
DA:17,0
LF:4
LH:0
BRF:0
BRH:0
end_of_record
TN:
SF:dist/js/webpack:/src/services/api.js
FNF:0
FNH:0
DA:3,0
DA:7,0
LF:2
LH:0
BRF:0
BRH:0
end_of_record
TN:
SF:dist/js/webpack:/src/store/actions.js
FN:3,(anonymous_88)
FN:4,t
FN:6,(anonymous_91)
FNF:3
FNH:0
FNDA:0,(anonymous_88)
FNDA:0,t
FNDA:0,(anonymous_91)
DA:3,0
DA:4,0
DA:7,0
LF:3
LH:0
BRDA:4,0,0,0
BRDA:4,0,1,0
BRDA:4,0,2,0
BRF:3
BRH:0
end_of_record
TN:
SF:dist/js/webpack:/src/store/getters.js
FNF:0
FNH:0
DA:1,0
LF:1
LH:0
BRF:0
BRH:0
end_of_record
TN:
SF:dist/js/webpack:/src/store/index.js
FNF:0
FNH:0
DA:9,0
DA:10,0
LF:2
LH:0
BRF:0
BRH:0
end_of_record
TN:
SF:dist/js/webpack:/src/store/mutations.js
FN:1,(anonymous_84)
FNF:1
FNH:0
FNDA:0,(anonymous_84)
DA:1,0
DA:3,0
DA:6,0
DA:9,0
DA:12,0
LF:5
LH:0
BRF:0
BRH:0
end_of_record
TN:
SF:dist/js/webpack:/src/store/state.js
FNF:0
FNH:0
DA:1,0
LF:1
LH:0
BRF:0
BRH:0
end_of_record
TN:
SF:dist/js/webpack:/src/views/Home/Home.vue
FN:28,(anonymous_83)
FNF:1
FNH:0
FNDA:0,(anonymous_83)
DA:28,0
DA:39,0
LF:2
LH:0
BRF:0
BRH:0
end_of_record
TN:
SF:dist/js/webpack:/src/views/Home/Home.vue?0d95
FN:1,(anonymous_32)
FN:2,(anonymous_33)
FNF:2
FNH:0
FNDA:0,(anonymous_32)
FNDA:0,(anonymous_33)
DA:1,0
DA:2,0
LF:2
LH:0
BRDA:1,0,0,0
BRDA:1,0,1,0
BRDA:1,1,0,0
BRDA:1,1,1,0
BRDA:2,2,0,0
BRDA:2,2,1,0
BRF:6
BRH:0
end_of_record
TN:
SF:dist/js/webpack:/src/views/Home/Home.vue?9223
FNF:0
FNH:0
DA:1,0
LF:1
LH:0
BRF:0
BRH:0
end_of_record
TN:
SF:dist/js/webpack:/src/views/Home/home.css?c58f
FN:1,(anonymous_15)
FNF:1
FNH:0
FNDA:0,(anonymous_15)
DA:1,0
LF:1
LH:0
BRF:0
BRH:0
end_of_record
TN:
SF:dist/js/webpack:/webpack/bootstrap
FN:2,(anonymous_0)
FN:2,t
FN:34,s
FN:65,r
FN:96,(anonymous_4)
FN:103,(anonymous_5)
FN:115,(anonymous_6)
FN:122,(anonymous_7)
FN:127,(anonymous_8)
FN:129,(anonymous_9)
FN:130,(anonymous_10)
FN:136,(anonymous_11)
FNF:12
FNH:0
FNDA:0,(anonymous_0)
FNDA:0,t
FNDA:0,s
FNDA:0,r
FNDA:0,(anonymous_4)
FNDA:0,(anonymous_5)
FNDA:0,(anonymous_6)
FNDA:0,(anonymous_7)
FNDA:0,(anonymous_8)
FNDA:0,(anonymous_9)
FNDA:0,(anonymous_10)
FNDA:0,(anonymous_11)
DA:3,0
DA:4,0
DA:5,0
DA:9,0
DA:10,0
DA:11,0
DA:17,0
DA:18,0
DA:22,0
DA:24,0
DA:25,0
DA:32,0
DA:36,0
DA:37,0
DA:38,0
DA:39,0
DA:40,0
DA:41,0
DA:43,0
DA:49,0
DA:53,0
DA:58,0
DA:62,0
DA:68,0
DA:69,0
DA:72,0
DA:85,0
DA:90,0
DA:97,0
DA:104,0
DA:117,0
DA:118,0
DA:119,0
DA:122,0
DA:123,0
DA:128,0
DA:129,0
DA:130,0
DA:132,0
DA:136,0
DA:141,0
DA:142,0
DA:143,0
DA:145,0
DA:146,0
DA:150,0
LF:46
LH:0
BRDA:12,0,0,0
BRDA:12,0,1,0
BRDA:12,0,2,0
BRDA:18,1,0,0
BRDA:18,1,1,0
BRDA:22,2,0,0
BRDA:22,2,1,0
BRDA:29,3,0,0
BRDA:29,3,1,0
BRDA:41,4,0,0
BRDA:41,4,1,0
BRDA:43,5,0,0
BRDA:43,5,1,0
BRDA:68,6,0,0
BRDA:68,6,1,0
BRDA:97,7,0,0
BRDA:97,7,1,0
BRDA:104,8,0,0
BRDA:104,8,1,0
BRDA:104,8,2,0
BRDA:117,9,0,0
BRDA:117,9,1,0
BRDA:116,10,0,0
BRDA:116,10,1,0
BRDA:118,11,0,0
BRDA:118,11,1,0
BRDA:118,12,0,0
BRDA:118,12,1,0
BRDA:118,12,2,0
BRDA:118,12,3,0
BRDA:122,13,0,0
BRDA:122,13,1,0
BRDA:122,14,0,0
BRDA:122,14,1,0
BRDA:129,15,0,0
BRDA:129,15,1,0
BRDA:128,16,0,0
BRDA:128,16,1,0
BRDA:141,17,0,0
BRDA:141,17,1,0
BRF:40
BRH:0
end_of_record
TN:
SF:src/App.vue
FNF:0
FNH:0
DA:11,0
DA:12,0
DA:13,0
LF:3
LH:0
BRF:0
BRH:0
end_of_record
TN:
SF:src/main.js
FN:9,(anonymous_0)
FNF:1
FNH:0
FNDA:0,(anonymous_0)
DA:6,0
DA:8,0
DA:9,0
LF:3
LH:0
BRF:0
BRH:0
end_of_record
TN:
SF:src/components/AddCourseCard/AddCourseCard.vue
FN:13,changeModal
FNF:1
FNH:0
FNDA:0,changeModal
DA:9,0
DA:14,0
LF:2
LH:0
BRF:0
BRH:0
end_of_record
TN:
SF:src/components/CardFavoriteScholarships/CardFavoriteScholarships.vue
FN:39,deleteScholarship
FN:42,changeModal
FN:50,scholarshipsFilterBySemesters
FN:51,(anonymous_4)
FN:55,(anonymous_5)
FN:69,favoriteScholarshipsInLocalStorage
FNF:6
FNH:0
FNDA:0,deleteScholarship
FNDA:0,changeModal
FNDA:0,scholarshipsFilterBySemesters
FNDA:0,(anonymous_4)
FNDA:0,(anonymous_5)
FNDA:0,favoriteScholarshipsInLocalStorage
DA:31,0
DA:32,0
DA:40,0
DA:43,0
DA:51,0
DA:52,0
DA:55,0
DA:56,0
DA:59,0
DA:60,0
DA:61,0
DA:62,0
DA:64,0
DA:70,0
LF:14
LH:0
BRDA:59,0,0,0
BRDA:59,0,1,0
BRDA:61,1,0,0
BRDA:61,1,1,0
BRF:4
BRH:0
end_of_record
TN:
SF:src/components/ModalScholarships/ModalScholarships.vue
FN:76,data
FN:90,scholarshipsFilters
FN:91,(anonymous_3)
FN:95,(anonymous_4)
FN:99,(anonymous_5)
FN:116,changeModal
FN:119,filterCities
FN:122,(anonymous_8)
FN:126,(anonymous_9)
FN:133,filterScholarshipsNames
FN:136,(anonymous_11)
FN:139,(anonymous_12)
FN:144,filterFavoriteScholarships
FN:148,(anonymous_14)
FN:150,(anonymous_15)
FN:161,created
FNF:16
FNH:0
FNDA:0,data
FNDA:0,scholarshipsFilters
FNDA:0,(anonymous_3)
FNDA:0,(anonymous_4)
FNDA:0,(anonymous_5)
FNDA:0,changeModal
FNDA:0,filterCities
FNDA:0,(anonymous_8)
FNDA:0,(anonymous_9)
FNDA:0,filterScholarshipsNames
FNDA:0,(anonymous_11)
FNDA:0,(anonymous_12)
FNDA:0,filterFavoriteScholarships
FNDA:0,(anonymous_14)
FNDA:0,(anonymous_15)
FNDA:0,created
DA:73,0
DA:77,0
DA:90,0
DA:91,0
DA:92,0
DA:95,0
DA:96,0
DA:99,0
DA:100,0
DA:102,0
DA:105,0
DA:106,0
DA:107,0
DA:108,0
DA:110,0
DA:117,0
DA:120,0
DA:122,0
DA:123,0
DA:126,0
DA:127,0
DA:130,0
DA:134,0
DA:136,0
DA:137,0
DA:139,0
DA:140,0
DA:142,0
DA:145,0
DA:146,0
DA:148,0
DA:150,0
DA:151,0
DA:152,0
DA:155,0
DA:157,0
DA:158,0
DA:162,0
DA:163,0
LF:39
LH:0
BRDA:92,0,0,0
BRDA:92,0,1,0
BRDA:96,1,0,0
BRDA:96,1,1,0
BRDA:100,2,0,0
BRDA:100,2,1,0
BRDA:100,2,2,0
BRDA:105,3,0,0
BRDA:105,3,1,0
BRDA:105,4,0,0
BRDA:105,4,1,0
BRDA:107,5,0,0
BRDA:107,5,1,0
BRDA:107,6,0,0
BRDA:107,6,1,0
BRDA:151,7,0,0
BRDA:151,7,1,0
BRF:17
BRH:0
end_of_record
TN:
SF:src/components/Semesters/Semesters.vue
FN:14,data
FN:26,changeSemester
FN:42,sendSemesters
FNF:3
FNH:0
FNDA:0,data
FNDA:0,changeSemester
FNDA:0,sendSemesters
DA:12,0
DA:15,0
DA:27,0
DA:28,0
DA:29,0
DA:30,0
DA:31,0
DA:32,0
DA:33,0
DA:34,0
DA:36,0
DA:37,0
DA:38,0
DA:40,0
DA:43,0
LF:15
LH:0
BRDA:27,0,0,0
BRDA:27,0,1,0
BRDA:31,1,0,0
BRDA:31,1,1,0
BRF:4
BRH:0
end_of_record
TN:
SF:src/router/index.js
FNF:0
FNH:0
DA:5,0
DA:7,0
DA:15,0
LF:3
LH:0
BRF:0
BRH:0
end_of_record
TN:
SF:src/services/api.js
FNF:0
FNH:0
DA:3,0
LF:1
LH:0
BRF:0
BRH:0
end_of_record
TN:
SF:src/store/actions.js
FN:4,(anonymous_0)
FN:6,(anonymous_1)
FNF:2
FNH:0
FNDA:0,(anonymous_0)
FNDA:0,(anonymous_1)
DA:5,0
DA:7,0
LF:2
LH:0
BRF:0
BRH:0
end_of_record
TN:
SF:src/store/getters.js
FNF:0
FNH:0
LF:0
LH:0
BRF:0
BRH:0
end_of_record
TN:
SF:src/store/index.js
FNF:0
FNH:0
DA:9,0
LF:1
LH:0
BRF:0
BRH:0
end_of_record
TN:
SF:src/store/mutations.js
FN:2,(anonymous_0)
FN:5,(anonymous_1)
FN:8,(anonymous_2)
FN:11,(anonymous_3)
FNF:4
FNH:0
FNDA:0,(anonymous_0)
FNDA:0,(anonymous_1)
FNDA:0,(anonymous_2)
FNDA:0,(anonymous_3)
DA:3,0
DA:6,0
DA:9,0
DA:12,0
LF:4
LH:0
BRF:0
BRH:0
end_of_record
TN:
SF:src/store/state.js
FNF:0
FNH:0
LF:0
LH:0
BRF:0
BRH:0
end_of_record
TN:
SF:src/views/Home/Home.vue
FN:38,created
FNF:1
FNH:0
FNDA:0,created
DA:23,0
DA:24,0
DA:25,0
DA:26,0
DA:39,0
LF:5
LH:0
BRF:0
BRH:0
end_of_record
